#
# There is insufficient memory for the Java Runtime Environment to continue.
# Native memory allocation (malloc) failed to allocate 1396816 bytes for Chunk::new
# Possible reasons:
#   The system is out of physical RAM or swap space
#   The process is running with CompressedOops enabled, and the Java Heap may be blocking the growth of the native heap
# Possible solutions:
#   Reduce memory load on the system
#   Increase physical memory or swap space
#   Check if swap backing store is full
#   Decrease Java heap size (-Xmx/-Xms)
#   Decrease number of Java threads
#   Decrease Java thread stack sizes (-Xss)
#   Set larger code cache with -XX:ReservedCodeCacheSize=
#   JVM is running with Unscaled Compressed Oops mode in which the Java heap is
#     placed in the first 4GB address space. The Java Heap base address is the
#     maximum limit for the native heap growth. Please use -XX:HeapBaseMinAddress
#     to set the Java Heap base and to place the Java Heap above 4GB virtual address.
# This output file may be truncated or incomplete.
#
#  Out of Memory Error (./src/hotspot/share/memory/arena.cpp:197), pid=13568, tid=11880
#
# JRE version: OpenJDK Runtime Environment (11.0.12+7) (build 11.0.12+7-b1504.28-7817840)
# Java VM: OpenJDK 64-Bit Server VM (11.0.12+7-b1504.28-7817840, mixed mode, tiered, compressed oops, g1 gc, windows-amd64)
# No core dump will be written. Minidumps are not enabled by default on client versions of Windows
#

---------------  S U M M A R Y ------------

Command Line: --add-opens=java.base/java.util=ALL-UNNAMED --add-opens=java.base/java.lang=ALL-UNNAMED --add-opens=java.base/java.lang.invoke=ALL-UNNAMED --add-opens=java.base/java.util=ALL-UNNAMED --add-opens=java.prefs/java.util.prefs=ALL-UNNAMED --add-opens=java.prefs/java.util.prefs=ALL-UNNAMED --add-opens=java.base/java.nio.charset=ALL-UNNAMED --add-opens=java.base/java.net=ALL-UNNAMED --add-opens=java.base/java.util.concurrent.atomic=ALL-UNNAMED -Xmx2048m -Dfile.encoding=UTF-8 -Duser.country=US -Duser.language=en -Duser.variant org.gradle.launcher.daemon.bootstrap.GradleDaemon 7.3.3

Host: Intel(R) Core(TM) i7-6600U CPU @ 2.60GHz, 4 cores, 7G,  Windows 10 , 64 bit Build 22000 (10.0.22000.434)
Time: Mon Aug 22 07:11:03 2022 Egypt Standard Time elapsed time: 35.394090 seconds (0d 0h 0m 35s)

---------------  T H R E A D  ---------------

Current thread (0x00000202b8a4b800):  JavaThread "C2 CompilerThread1" daemon [_thread_in_native, id=11880, stack(0x0000009c5cd00000,0x0000009c5ce00000)]


Current CompileTask:
C2:  35394 11266       4       org.gradle.api.internal.tasks.compile.incremental.serialization.HierarchicalNameSerializer::readName (51 bytes)

Stack: [0x0000009c5cd00000,0x0000009c5ce00000]
Native frames: (J=compiled Java code, j=interpreted, Vv=VM code, C=native code)
V  [jvm.dll+0x5fbcea]
V  [jvm.dll+0x731905]
V  [jvm.dll+0x732f1d]
V  [jvm.dll+0x7335d3]
V  [jvm.dll+0x247bf8]
V  [jvm.dll+0xc018c]
V  [jvm.dll+0xc06cc]
V  [jvm.dll+0x35b31d]
V  [jvm.dll+0x19cebc]
V  [jvm.dll+0x20070e]
V  [jvm.dll+0x1ff794]
V  [jvm.dll+0x18868c]
V  [jvm.dll+0x20e0d7]
V  [jvm.dll+0x20c901]
V  [jvm.dll+0x6f9b7f]
V  [jvm.dll+0x6f26a5]
V  [jvm.dll+0x5fabf6]
C  [ucrtbase.dll+0x26c0c]
C  [KERNEL32.DLL+0x154e0]
C  [ntdll.dll+0x485b]


---------------  P R O C E S S  ---------------

Threads class SMR info:
_java_thread_list=0x00000202b5d7bf50, length=95, elements={
0x0000020298e8d800, 0x00000202b2a83800, 0x00000202b2a8e800, 0x00000202b3412800,
0x00000202b2aa1800, 0x00000202b2aa2800, 0x00000202b2aa7800, 0x00000202b2ace000,
0x00000202b344c000, 0x00000202b3552000, 0x00000202b575b000, 0x00000202b55cd800,
0x00000202b4aac800, 0x00000202b4d3f800, 0x00000202b556a800, 0x00000202b4d52800,
0x00000202b4c9d800, 0x00000202b5d70000, 0x00000202b6149000, 0x00000202b5918800,
0x00000202b591e000, 0x00000202b591a000, 0x00000202b591f000, 0x00000202b5919000,
0x00000202b591b000, 0x00000202b591c800, 0x00000202b591b800, 0x00000202b591d800,
0x00000202b4a19800, 0x00000202b4a15000, 0x00000202b4a17800, 0x00000202b4a1a800,
0x00000202b4a18000, 0x00000202b4a16800, 0x00000202b4a19000, 0x00000202b4a15800,
0x00000202b4a1e800, 0x00000202b4a1e000, 0x00000202b4a1c000, 0x00000202b4a20800,
0x00000202b4a1d000, 0x00000202b4a21000, 0x00000202b4a22000, 0x00000202b4a22800,
0x00000202b4a1f800, 0x00000202b8993800, 0x00000202b898f800, 0x00000202b8994000,
0x00000202b8992800, 0x00000202b8990000, 0x00000202b8991000, 0x00000202b898e800,
0x00000202b8992000, 0x00000202b899a000, 0x00000202b8997800, 0x00000202b8998800,
0x00000202b8995000, 0x00000202b8996000, 0x00000202b8999000, 0x00000202b899b000,
0x00000202b8996800, 0x00000202b899b800, 0x00000202b899c800, 0x00000202b899d000,
0x00000202b610c800, 0x00000202b6106800, 0x00000202b610d000, 0x00000202b6107800,
0x00000202b610e000, 0x00000202b6108800, 0x00000202b610f000, 0x00000202b610b000,
0x00000202b6109000, 0x00000202b610f800, 0x00000202b610a000, 0x00000202b6110800,
0x00000202b6111800, 0x00000202b610b800, 0x00000202b6113000, 0x00000202b6114000,
0x00000202b6114800, 0x00000202b6115800, 0x00000202b5681000, 0x00000202b5682000,
0x00000202b5685000, 0x00000202b5682800, 0x00000202b5683800, 0x00000202b5684800,
0x00000202b5680000, 0x00000202b8a4b800, 0x00000202b568b800, 0x00000202b5686000,
0x00000202b568a000, 0x00000202b5686800, 0x00000202b568b000
}

Java Threads: ( => current thread )
  0x0000020298e8d800 JavaThread "main" [_thread_blocked, id=15584, stack(0x0000009c5b300000,0x0000009c5b400000)]
  0x00000202b2a83800 JavaThread "Reference Handler" daemon [_thread_blocked, id=14208, stack(0x0000009c5ba00000,0x0000009c5bb00000)]
  0x00000202b2a8e800 JavaThread "Finalizer" daemon [_thread_blocked, id=6148, stack(0x0000009c5bb00000,0x0000009c5bc00000)]
  0x00000202b3412800 JavaThread "Signal Dispatcher" daemon [_thread_blocked, id=16084, stack(0x0000009c5bc00000,0x0000009c5bd00000)]
  0x00000202b2aa1800 JavaThread "Attach Listener" daemon [_thread_blocked, id=15168, stack(0x0000009c5bd00000,0x0000009c5be00000)]
  0x00000202b2aa2800 JavaThread "Service Thread" daemon [_thread_blocked, id=16068, stack(0x0000009c5be00000,0x0000009c5bf00000)]
  0x00000202b2aa7800 JavaThread "C2 CompilerThread0" daemon [_thread_in_native, id=15344, stack(0x0000009c5bf00000,0x0000009c5c000000)]
  0x00000202b2ace000 JavaThread "C1 CompilerThread0" daemon [_thread_blocked, id=14540, stack(0x0000009c5c000000,0x0000009c5c100000)]
  0x00000202b344c000 JavaThread "Sweeper thread" daemon [_thread_blocked, id=3960, stack(0x0000009c5c100000,0x0000009c5c200000)]
  0x00000202b3552000 JavaThread "Common-Cleaner" daemon [_thread_blocked, id=16296, stack(0x0000009c5c200000,0x0000009c5c300000)]
  0x00000202b575b000 JavaThread "Daemon health stats" [_thread_blocked, id=11924, stack(0x0000009c5c700000,0x0000009c5c800000)]
  0x00000202b55cd800 JavaThread "Incoming local TCP Connector on port 54188" [_thread_in_native, id=15572, stack(0x0000009c5c400000,0x0000009c5c500000)]
  0x00000202b4aac800 JavaThread "Daemon periodic checks" [_thread_blocked, id=16364, stack(0x0000009c5c800000,0x0000009c5c900000)]
  0x00000202b4d3f800 JavaThread "Daemon" [_thread_blocked, id=14204, stack(0x0000009c5c900000,0x0000009c5ca00000)]
  0x00000202b556a800 JavaThread "Handler for socket connection from /127.0.0.1:54188 to /127.0.0.1:54189" [_thread_in_native, id=2080, stack(0x0000009c5ca00000,0x0000009c5cb00000)]
  0x00000202b4d52800 JavaThread "Cancel handler" [_thread_blocked, id=15164, stack(0x0000009c5cb00000,0x0000009c5cc00000)]
  0x00000202b4c9d800 JavaThread "Daemon worker" [_thread_blocked, id=14448, stack(0x0000009c5cc00000,0x0000009c5cd00000)]
  0x00000202b5d70000 JavaThread "Asynchronous log dispatcher for DefaultDaemonConnection: socket connection from /127.0.0.1:54188 to /127.0.0.1:54189" [_thread_blocked, id=15412, stack(0x0000009c5ce00000,0x0000009c5cf00000)]
  0x00000202b6149000 JavaThread "Stdin handler" [_thread_blocked, id=4812, stack(0x0000009c5cf00000,0x0000009c5d000000)]
  0x00000202b5918800 JavaThread "Daemon client event forwarder" [_thread_blocked, id=11964, stack(0x0000009c5d000000,0x0000009c5d100000)]
  0x00000202b591e000 JavaThread "Cache worker for journal cache (C:\Users\Admin\.gradle\caches\journal-1)" [_thread_blocked, id=16288, stack(0x0000009c5d200000,0x0000009c5d300000)]
  0x00000202b591a000 JavaThread "File lock request listener" [_thread_in_native, id=3168, stack(0x0000009c5d300000,0x0000009c5d400000)]
  0x00000202b591f000 JavaThread "Cache worker for file hash cache (C:\Users\Admin\.gradle\caches\7.3.3\fileHashes)" [_thread_blocked, id=13220, stack(0x0000009c5d400000,0x0000009c5d500000)]
  0x00000202b5919000 JavaThread "Cache worker for file hash cache (C:\Users\Admin\Desktop\jana\hw33\.gradle\7.3.3\fileHashes)" [_thread_blocked, id=12320, stack(0x0000009c5d500000,0x0000009c5d600000)]
  0x00000202b591b000 JavaThread "File watcher server" daemon [_thread_in_native, id=16088, stack(0x0000009c5d600000,0x0000009c5d700000)]
  0x00000202b591c800 JavaThread "File watcher consumer" daemon [_thread_blocked, id=6356, stack(0x0000009c5d700000,0x0000009c5d800000)]
  0x00000202b591b800 JavaThread "Cache worker for checksums cache (C:\Users\Admin\Desktop\jana\hw33\.gradle\7.3.3\checksums)" [_thread_blocked, id=15152, stack(0x0000009c5d800000,0x0000009c5d900000)]
  0x00000202b591d800 JavaThread "Cache worker for cache directory md-supplier (C:\Users\Admin\.gradle\caches\7.3.3\md-supplier)" [_thread_blocked, id=16256, stack(0x0000009c5d900000,0x0000009c5da00000)]
  0x00000202b4a19800 JavaThread "Cache worker for cache directory md-rule (C:\Users\Admin\.gradle\caches\7.3.3\md-rule)" [_thread_blocked, id=15668, stack(0x0000009c5da00000,0x0000009c5db00000)]
  0x00000202b4a15000 JavaThread "Cache worker for execution history cache (C:\Users\Admin\.gradle\caches\7.3.3\executionHistory)" [_thread_blocked, id=15448, stack(0x0000009c5db00000,0x0000009c5dc00000)]
  0x00000202b4a17800 JavaThread "jar transforms" [_thread_blocked, id=15376, stack(0x0000009c5dc00000,0x0000009c5dd00000)]
  0x00000202b4a1a800 JavaThread "Cache worker for file content cache (C:\Users\Admin\.gradle\caches\7.3.3\fileContent)" [_thread_blocked, id=16132, stack(0x0000009c5dd00000,0x0000009c5de00000)]
  0x00000202b4a18000 JavaThread "jar transforms Thread 2" [_thread_blocked, id=7300, stack(0x0000009c5de00000,0x0000009c5df00000)]
  0x00000202b4a16800 JavaThread "Cache worker for dependencies-accessors (C:\Users\Admin\Desktop\jana\hw33\.gradle\7.3.3\dependencies-accessors)" [_thread_blocked, id=16284, stack(0x0000009c5df00000,0x0000009c5e000000)]
  0x00000202b4a19000 JavaThread "jar transforms Thread 3" [_thread_blocked, id=12936, stack(0x0000009c5e000000,0x0000009c5e100000)]
  0x00000202b4a15800 JavaThread "Cache worker for Build Output Cleanup Cache (C:\Users\Admin\Desktop\jana\hw33\.gradle\buildOutputCleanup)" [_thread_blocked, id=15672, stack(0x0000009c5e100000,0x0000009c5e200000)]
  0x00000202b4a1e800 JavaThread "Unconstrained build operations" [_thread_blocked, id=16264, stack(0x0000009c5e200000,0x0000009c5e300000)]
  0x00000202b4a1e000 JavaThread "Unconstrained build operations Thread 2" [_thread_blocked, id=15380, stack(0x0000009c5e300000,0x0000009c5e400000)]
  0x00000202b4a1c000 JavaThread "Unconstrained build operations Thread 3" [_thread_blocked, id=13988, stack(0x0000009c5e400000,0x0000009c5e500000)]
  0x00000202b4a20800 JavaThread "Unconstrained build operations Thread 4" [_thread_blocked, id=10700, stack(0x0000009c5e500000,0x0000009c5e600000)]
  0x00000202b4a1d000 JavaThread "Unconstrained build operations Thread 5" [_thread_blocked, id=4412, stack(0x0000009c5e600000,0x0000009c5e700000)]
  0x00000202b4a21000 JavaThread "Unconstrained build operations Thread 6" [_thread_blocked, id=1556, stack(0x0000009c5e700000,0x0000009c5e800000)]
  0x00000202b4a22000 JavaThread "Unconstrained build operations Thread 7" [_thread_blocked, id=10740, stack(0x0000009c5e800000,0x0000009c5e900000)]
  0x00000202b4a22800 JavaThread "Unconstrained build operations Thread 8" [_thread_blocked, id=2684, stack(0x0000009c5e900000,0x0000009c5ea00000)]
  0x00000202b4a1f800 JavaThread "Unconstrained build operations Thread 9" [_thread_blocked, id=15008, stack(0x0000009c5ea00000,0x0000009c5eb00000)]
  0x00000202b8993800 JavaThread "Unconstrained build operations Thread 10" [_thread_blocked, id=16032, stack(0x0000009c5eb00000,0x0000009c5ec00000)]
  0x00000202b898f800 JavaThread "Unconstrained build operations Thread 11" [_thread_blocked, id=15936, stack(0x0000009c5ec00000,0x0000009c5ed00000)]
  0x00000202b8994000 JavaThread "Unconstrained build operations Thread 12" [_thread_blocked, id=14560, stack(0x0000009c5ed00000,0x0000009c5ee00000)]
  0x00000202b8992800 JavaThread "Unconstrained build operations Thread 13" [_thread_blocked, id=15688, stack(0x0000009c5ee00000,0x0000009c5ef00000)]
  0x00000202b8990000 JavaThread "Unconstrained build operations Thread 14" [_thread_blocked, id=10644, stack(0x0000009c5ef00000,0x0000009c5f000000)]
  0x00000202b8991000 JavaThread "Unconstrained build operations Thread 15" [_thread_blocked, id=10996, stack(0x0000009c5f000000,0x0000009c5f100000)]
  0x00000202b898e800 JavaThread "Unconstrained build operations Thread 16" [_thread_blocked, id=9444, stack(0x0000009c5f100000,0x0000009c5f200000)]
  0x00000202b8992000 JavaThread "Unconstrained build operations Thread 17" [_thread_blocked, id=10992, stack(0x0000009c5f200000,0x0000009c5f300000)]
  0x00000202b899a000 JavaThread "Unconstrained build operations Thread 18" [_thread_blocked, id=15648, stack(0x0000009c5f300000,0x0000009c5f400000)]
  0x00000202b8997800 JavaThread "Unconstrained build operations Thread 19" [_thread_blocked, id=14312, stack(0x0000009c5f400000,0x0000009c5f500000)]
  0x00000202b8998800 JavaThread "Unconstrained build operations Thread 20" [_thread_blocked, id=11552, stack(0x0000009c5f500000,0x0000009c5f600000)]
  0x00000202b8995000 JavaThread "Unconstrained build operations Thread 21" [_thread_blocked, id=14368, stack(0x0000009c5f600000,0x0000009c5f700000)]
  0x00000202b8996000 JavaThread "Unconstrained build operations Thread 22" [_thread_blocked, id=10420, stack(0x0000009c5f700000,0x0000009c5f800000)]
  0x00000202b8999000 JavaThread "Unconstrained build operations Thread 23" [_thread_blocked, id=15780, stack(0x0000009c5f800000,0x0000009c5f900000)]
  0x00000202b899b000 JavaThread "Unconstrained build operations Thread 24" [_thread_blocked, id=15736, stack(0x0000009c5f900000,0x0000009c5fa00000)]
  0x00000202b8996800 JavaThread "Unconstrained build operations Thread 25" [_thread_blocked, id=15336, stack(0x0000009c5fa00000,0x0000009c5fb00000)]
  0x00000202b899b800 JavaThread "Unconstrained build operations Thread 26" [_thread_blocked, id=11376, stack(0x0000009c5fb00000,0x0000009c5fc00000)]
  0x00000202b899c800 JavaThread "Unconstrained build operations Thread 27" [_thread_blocked, id=15452, stack(0x0000009c5fc00000,0x0000009c5fd00000)]
  0x00000202b899d000 JavaThread "Unconstrained build operations Thread 28" [_thread_blocked, id=11704, stack(0x0000009c5fd00000,0x0000009c5fe00000)]
  0x00000202b610c800 JavaThread "Unconstrained build operations Thread 29" [_thread_blocked, id=14824, stack(0x0000009c5fe00000,0x0000009c5ff00000)]
  0x00000202b6106800 JavaThread "Unconstrained build operations Thread 30" [_thread_blocked, id=3244, stack(0x0000009c5ff00000,0x0000009c60000000)]
  0x00000202b610d000 JavaThread "Unconstrained build operations Thread 31" [_thread_blocked, id=8564, stack(0x0000009c60000000,0x0000009c60100000)]
  0x00000202b6107800 JavaThread "Unconstrained build operations Thread 32" [_thread_blocked, id=15692, stack(0x0000009c60100000,0x0000009c60200000)]
  0x00000202b610e000 JavaThread "Unconstrained build operations Thread 33" [_thread_blocked, id=15980, stack(0x0000009c60200000,0x0000009c60300000)]
  0x00000202b6108800 JavaThread "Unconstrained build operations Thread 34" [_thread_blocked, id=16240, stack(0x0000009c60300000,0x0000009c60400000)]
  0x00000202b610f000 JavaThread "Unconstrained build operations Thread 35" [_thread_blocked, id=15256, stack(0x0000009c60400000,0x0000009c60500000)]
  0x00000202b610b000 JavaThread "Unconstrained build operations Thread 36" [_thread_blocked, id=6264, stack(0x0000009c60500000,0x0000009c60600000)]
  0x00000202b6109000 JavaThread "Unconstrained build operations Thread 37" [_thread_blocked, id=348, stack(0x0000009c60600000,0x0000009c60700000)]
  0x00000202b610f800 JavaThread "Unconstrained build operations Thread 38" [_thread_blocked, id=9816, stack(0x0000009c60700000,0x0000009c60800000)]
  0x00000202b610a000 JavaThread "Unconstrained build operations Thread 39" [_thread_blocked, id=14744, stack(0x0000009c60800000,0x0000009c60900000)]
  0x00000202b6110800 JavaThread "Unconstrained build operations Thread 40" [_thread_blocked, id=15732, stack(0x0000009c60900000,0x0000009c60a00000)]
  0x00000202b6111800 JavaThread "jar transforms Thread 4" [_thread_blocked, id=14440, stack(0x0000009c60a00000,0x0000009c60b00000)]
  0x00000202b610b800 JavaThread "Memory manager" [_thread_blocked, id=2004, stack(0x0000009c60b00000,0x0000009c60c00000)]
  0x00000202b6113000 JavaThread "build event listener" [_thread_blocked, id=15400, stack(0x0000009c60c00000,0x0000009c60d00000)]
  0x00000202b6114000 JavaThread "pool-3-thread-1" [_thread_blocked, id=14908, stack(0x0000009c60d00000,0x0000009c60e00000)]
  0x00000202b6114800 JavaThread "build event listener" [_thread_blocked, id=14340, stack(0x0000009c60e00000,0x0000009c60f00000)]
  0x00000202b6115800 JavaThread "Execution worker for ':'" [_thread_blocked, id=15368, stack(0x0000009c60f00000,0x0000009c61000000)]
  0x00000202b5681000 JavaThread "Execution worker for ':' Thread 2" [_thread_blocked, id=13420, stack(0x0000009c61000000,0x0000009c61100000)]
  0x00000202b5682000 JavaThread "Execution worker for ':' Thread 3" [_thread_blocked, id=5608, stack(0x0000009c61100000,0x0000009c61200000)]
  0x00000202b5685000 JavaThread "Cache worker for execution history cache (C:\Users\Admin\Desktop\jana\hw33\.gradle\7.3.3\executionHistory)" [_thread_blocked, id=15808, stack(0x0000009c61200000,0x0000009c61300000)]
  0x00000202b5682800 JavaThread "WorkerExecutor Queue" [_thread_blocked, id=12364, stack(0x0000009c61300000,0x0000009c61400000)]
  0x00000202b5683800 JavaThread "pool-4-thread-1" [_thread_blocked, id=11748, stack(0x0000009c61400000,0x0000009c61500000)]
  0x00000202b5684800 JavaThread "stderr" [_thread_in_native, id=4892, stack(0x0000009c61500000,0x0000009c61600000)]
  0x00000202b5680000 JavaThread "stdout" [_thread_in_native, id=6376, stack(0x0000009c61600000,0x0000009c61700000)]
=>0x00000202b8a4b800 JavaThread "C2 CompilerThread1" daemon [_thread_in_native, id=11880, stack(0x0000009c5cd00000,0x0000009c5ce00000)]
  0x00000202b568b800 JavaThread "Cache worker for Java compile cache (C:\Users\Admin\.gradle\caches\7.3.3\javaCompile)" [_thread_in_native, id=8064, stack(0x0000009c61700000,0x0000009c61800000)]
  0x00000202b5686000 JavaThread "Build operations" [_thread_blocked, id=13384, stack(0x0000009c61a00000,0x0000009c61b00000)]
  0x00000202b568a000 JavaThread "Build operations Thread 2" [_thread_blocked, id=11508, stack(0x0000009c61b00000,0x0000009c61c00000)]
  0x00000202b5686800 JavaThread "Build operations Thread 3" [_thread_blocked, id=13560, stack(0x0000009c61c00000,0x0000009c61d00000)]
  0x00000202b568b000 JavaThread "Build operations Thread 4" [_thread_blocked, id=772, stack(0x0000009c61d00000,0x0000009c61e00000)]

Other Threads:
  0x00000202b2a7e000 VMThread "VM Thread" [stack: 0x0000009c5b900000,0x0000009c5ba00000] [id=16188]
  0x00000202b3581000 WatcherThread [stack: 0x0000009c5c300000,0x0000009c5c400000] [id=16208]
  0x0000020298ea6800 GCTaskThread "GC Thread#0" [stack: 0x0000009c5b400000,0x0000009c5b500000] [id=11912]
  0x00000202b387b000 GCTaskThread "GC Thread#1" [stack: 0x0000009c5c500000,0x0000009c5c600000] [id=6412]
  0x00000202b388d800 GCTaskThread "GC Thread#2" [stack: 0x0000009c5c600000,0x0000009c5c700000] [id=12720]
  0x00000202b5590000 GCTaskThread "GC Thread#3" [stack: 0x0000009c5d100000,0x0000009c5d200000] [id=12668]
  0x0000020298ed7000 ConcurrentGCThread "G1 Main Marker" [stack: 0x0000009c5b500000,0x0000009c5b600000] [id=10200]
  0x0000020298ed8800 ConcurrentGCThread "G1 Conc#0" [stack: 0x0000009c5b600000,0x0000009c5b700000] [id=14652]
  0x0000020298f69000 ConcurrentGCThread "G1 Refine#0" [stack: 0x0000009c5b700000,0x0000009c5b800000] [id=13920]
  0x0000020298f6a800 ConcurrentGCThread "G1 Young RemSet Sampling" [stack: 0x0000009c5b800000,0x0000009c5b900000] [id=15184]

Threads with active compile tasks:
C2 CompilerThread0  35420 11276       4       org.gradle.api.internal.tasks.compile.incremental.serialization.HierarchicalNameSerializer::read (20 bytes)
C2 CompilerThread1  35420 11266       4       org.gradle.api.internal.tasks.compile.incremental.serialization.HierarchicalNameSerializer::readName (51 bytes)

VM state:not at safepoint (normal execution)

VM Mutex/Monitor currently owned by a thread: None

Heap address: 0x0000000080000000, size: 2048 MB, Compressed Oops mode: 32-bit
Narrow klass base: 0x0000000000000000, Narrow klass shift: 3
Compressed class space size: 1073741824 Address: 0x0000000100000000

Heap:
 garbage-first heap   total 189440K, used 106694K [0x0000000080000000, 0x0000000100000000)
  region size 1024K, 32 young (32768K), 8 survivors (8192K)
 Metaspace       used 92590K, capacity 94792K, committed 94796K, reserved 1132544K
  class space    used 11868K, capacity 12668K, committed 12672K, reserved 1048576K
Heap Regions: E=young(eden), S=young(survivor), O=old, HS=humongous(starts), HC=humongous(continues), CS=collection set, F=free, A=archive, TAMS=top-at-mark-start (previous, next)
|   0|0x0000000080000000, 0x0000000080100000, 0x0000000080100000|100%| O|  |TAMS 0x0000000080100000, 0x0000000080000000| Untracked 
|   1|0x0000000080100000, 0x0000000080200000, 0x0000000080200000|100%| O|  |TAMS 0x0000000080200000, 0x0000000080100000| Untracked 
|   2|0x0000000080200000, 0x0000000080300000, 0x0000000080300000|100%| O|  |TAMS 0x0000000080300000, 0x0000000080200000| Untracked 
|   3|0x0000000080300000, 0x0000000080400000, 0x0000000080400000|100%|HS|  |TAMS 0x0000000080400000, 0x0000000080300000| Complete 
|   4|0x0000000080400000, 0x0000000080500000, 0x0000000080500000|100%|HC|  |TAMS 0x0000000080500000, 0x0000000080400000| Complete 
|   5|0x0000000080500000, 0x0000000080600000, 0x0000000080600000|100%|HC|  |TAMS 0x0000000080600000, 0x0000000080500000| Complete 
|   6|0x0000000080600000, 0x0000000080700000, 0x0000000080700000|100%| O|  |TAMS 0x0000000080700000, 0x0000000080600000| Untracked 
|   7|0x0000000080700000, 0x0000000080800000, 0x0000000080800000|100%| O|  |TAMS 0x0000000080800000, 0x0000000080700000| Untracked 
|   8|0x0000000080800000, 0x0000000080900000, 0x0000000080900000|100%| O|  |TAMS 0x0000000080900000, 0x0000000080800000| Untracked 
|   9|0x0000000080900000, 0x0000000080a00000, 0x0000000080a00000|100%| O|  |TAMS 0x0000000080a00000, 0x0000000080900000| Untracked 
|  10|0x0000000080a00000, 0x0000000080b00000, 0x0000000080b00000|100%| O|  |TAMS 0x0000000080b00000, 0x0000000080a00000| Untracked 
|  11|0x0000000080b00000, 0x0000000080c00000, 0x0000000080c00000|100%| O|  |TAMS 0x0000000080c00000, 0x0000000080b00000| Untracked 
|  12|0x0000000080c00000, 0x0000000080d00000, 0x0000000080d00000|100%| O|  |TAMS 0x0000000080d00000, 0x0000000080c00000| Untracked 
|  13|0x0000000080d00000, 0x0000000080e00000, 0x0000000080e00000|100%| O|  |TAMS 0x0000000080e00000, 0x0000000080d00000| Untracked 
|  14|0x0000000080e00000, 0x0000000080f00000, 0x0000000080f00000|100%| O|  |TAMS 0x0000000080f00000, 0x0000000080e00000| Untracked 
|  15|0x0000000080f00000, 0x0000000081000000, 0x0000000081000000|100%| O|  |TAMS 0x0000000081000000, 0x0000000080f00000| Untracked 
|  16|0x0000000081000000, 0x0000000081100000, 0x0000000081100000|100%| O|  |TAMS 0x0000000081100000, 0x0000000081000000| Untracked 
|  17|0x0000000081100000, 0x0000000081200000, 0x0000000081200000|100%|HS|  |TAMS 0x0000000081200000, 0x0000000081100000| Complete 
|  18|0x0000000081200000, 0x0000000081300000, 0x0000000081300000|100%| O|  |TAMS 0x0000000081300000, 0x0000000081200000| Untracked 
|  19|0x0000000081300000, 0x0000000081400000, 0x0000000081400000|100%| O|  |TAMS 0x0000000081400000, 0x0000000081300000| Untracked 
|  20|0x0000000081400000, 0x0000000081500000, 0x0000000081500000|100%| O|  |TAMS 0x0000000081500000, 0x0000000081400000| Untracked 
|  21|0x0000000081500000, 0x0000000081600000, 0x0000000081600000|100%| O|  |TAMS 0x0000000081600000, 0x0000000081500000| Untracked 
|  22|0x0000000081600000, 0x0000000081700000, 0x0000000081700000|100%| O|  |TAMS 0x0000000081700000, 0x0000000081600000| Untracked 
|  23|0x0000000081700000, 0x0000000081800000, 0x0000000081800000|100%| O|  |TAMS 0x0000000081800000, 0x0000000081700000| Untracked 
|  24|0x0000000081800000, 0x0000000081900000, 0x0000000081900000|100%| O|  |TAMS 0x0000000081900000, 0x0000000081800000| Untracked 
|  25|0x0000000081900000, 0x0000000081a00000, 0x0000000081a00000|100%| O|  |TAMS 0x0000000081a00000, 0x0000000081900000| Untracked 
|  26|0x0000000081a00000, 0x0000000081b00000, 0x0000000081b00000|100%| O|  |TAMS 0x0000000081b00000, 0x0000000081a00000| Untracked 
|  27|0x0000000081b00000, 0x0000000081c00000, 0x0000000081c00000|100%| O|  |TAMS 0x0000000081c00000, 0x0000000081b00000| Untracked 
|  28|0x0000000081c00000, 0x0000000081d00000, 0x0000000081d00000|100%|HS|  |TAMS 0x0000000081d00000, 0x0000000081c00000| Complete 
|  29|0x0000000081d00000, 0x0000000081e00000, 0x0000000081e00000|100%|HS|  |TAMS 0x0000000081e00000, 0x0000000081d00000| Complete 
|  30|0x0000000081e00000, 0x0000000081f00000, 0x0000000081f00000|100%|HC|  |TAMS 0x0000000081f00000, 0x0000000081e00000| Complete 
|  31|0x0000000081f00000, 0x0000000082000000, 0x0000000082000000|100%| O|  |TAMS 0x0000000082000000, 0x0000000081f00000| Untracked 
|  32|0x0000000082000000, 0x0000000082100000, 0x0000000082100000|100%| O|  |TAMS 0x0000000082100000, 0x0000000082000000| Untracked 
|  33|0x0000000082100000, 0x0000000082200000, 0x0000000082200000|100%| O|  |TAMS 0x0000000082200000, 0x0000000082100000| Untracked 
|  34|0x0000000082200000, 0x0000000082300000, 0x0000000082300000|100%| O|  |TAMS 0x0000000082300000, 0x0000000082200000| Untracked 
|  35|0x0000000082300000, 0x0000000082400000, 0x0000000082400000|100%| O|  |TAMS 0x0000000082400000, 0x0000000082300000| Untracked 
|  36|0x0000000082400000, 0x0000000082500000, 0x0000000082500000|100%| O|  |TAMS 0x0000000082500000, 0x0000000082400000| Untracked 
|  37|0x0000000082500000, 0x0000000082600000, 0x0000000082600000|100%| O|  |TAMS 0x0000000082600000, 0x0000000082500000| Untracked 
|  38|0x0000000082600000, 0x0000000082700000, 0x0000000082700000|100%| O|  |TAMS 0x0000000082700000, 0x0000000082600000| Untracked 
|  39|0x0000000082700000, 0x0000000082800000, 0x0000000082800000|100%| O|  |TAMS 0x0000000082800000, 0x0000000082700000| Untracked 
|  40|0x0000000082800000, 0x0000000082900000, 0x0000000082900000|100%| O|  |TAMS 0x0000000082900000, 0x0000000082800000| Untracked 
|  41|0x0000000082900000, 0x0000000082a00000, 0x0000000082a00000|100%| O|  |TAMS 0x00000000829f1200, 0x0000000082900000| Untracked 
|  42|0x0000000082a00000, 0x0000000082b00000, 0x0000000082b00000|100%| O|  |TAMS 0x0000000082a00000, 0x0000000082a00000| Untracked 
|  43|0x0000000082b00000, 0x0000000082c00000, 0x0000000082c00000|100%| O|  |TAMS 0x0000000082b00000, 0x0000000082b00000| Untracked 
|  44|0x0000000082c00000, 0x0000000082d00000, 0x0000000082d00000|100%| O|  |TAMS 0x0000000082c00000, 0x0000000082c00000| Untracked 
|  45|0x0000000082d00000, 0x0000000082e00000, 0x0000000082e00000|100%| O|  |TAMS 0x0000000082d00000, 0x0000000082d00000| Untracked 
|  46|0x0000000082e00000, 0x0000000082f00000, 0x0000000082f00000|100%| O|  |TAMS 0x0000000082e00000, 0x0000000082e00000| Untracked 
|  47|0x0000000082f00000, 0x0000000083000000, 0x0000000083000000|100%| O|  |TAMS 0x0000000082f00000, 0x0000000082f00000| Untracked 
|  48|0x0000000083000000, 0x0000000083100000, 0x0000000083100000|100%| O|  |TAMS 0x0000000083000000, 0x0000000083000000| Untracked 
|  49|0x0000000083100000, 0x0000000083200000, 0x0000000083200000|100%| O|  |TAMS 0x0000000083100000, 0x0000000083100000| Untracked 
|  50|0x0000000083200000, 0x0000000083300000, 0x0000000083300000|100%| O|  |TAMS 0x0000000083200000, 0x0000000083200000| Untracked 
|  51|0x0000000083300000, 0x0000000083400000, 0x0000000083400000|100%| O|  |TAMS 0x0000000083300000, 0x0000000083300000| Untracked 
|  52|0x0000000083400000, 0x0000000083500000, 0x0000000083500000|100%| O|  |TAMS 0x0000000083400000, 0x0000000083400000| Untracked 
|  53|0x0000000083500000, 0x0000000083600000, 0x0000000083600000|100%| O|  |TAMS 0x0000000083500000, 0x0000000083500000| Untracked 
|  54|0x0000000083600000, 0x0000000083700000, 0x0000000083700000|100%| O|  |TAMS 0x0000000083600000, 0x0000000083600000| Untracked 
|  55|0x0000000083700000, 0x0000000083800000, 0x0000000083800000|100%| O|  |TAMS 0x0000000083700000, 0x0000000083700000| Untracked 
|  56|0x0000000083800000, 0x0000000083900000, 0x0000000083900000|100%| O|  |TAMS 0x0000000083800000, 0x0000000083800000| Untracked 
|  57|0x0000000083900000, 0x0000000083a00000, 0x0000000083a00000|100%| O|  |TAMS 0x0000000083900000, 0x0000000083900000| Untracked 
|  58|0x0000000083a00000, 0x0000000083b00000, 0x0000000083b00000|100%| O|  |TAMS 0x0000000083a00000, 0x0000000083a00000| Untracked 
|  59|0x0000000083b00000, 0x0000000083c00000, 0x0000000083c00000|100%| O|  |TAMS 0x0000000083b00000, 0x0000000083b00000| Untracked 
|  60|0x0000000083c00000, 0x0000000083d00000, 0x0000000083d00000|100%| O|  |TAMS 0x0000000083c00000, 0x0000000083c00000| Untracked 
|  61|0x0000000083d00000, 0x0000000083e00000, 0x0000000083e00000|100%| O|  |TAMS 0x0000000083d00000, 0x0000000083d00000| Untracked 
|  62|0x0000000083e00000, 0x0000000083f00000, 0x0000000083f00000|100%| O|  |TAMS 0x0000000083e00000, 0x0000000083e00000| Untracked 
|  63|0x0000000083f00000, 0x0000000084000000, 0x0000000084000000|100%| O|  |TAMS 0x0000000083f00000, 0x0000000083f00000| Untracked 
|  64|0x0000000084000000, 0x0000000084100000, 0x0000000084100000|100%| O|  |TAMS 0x0000000084000000, 0x0000000084000000| Untracked 
|  65|0x0000000084100000, 0x0000000084200000, 0x0000000084200000|100%| O|  |TAMS 0x0000000084100000, 0x0000000084100000| Untracked 
|  66|0x0000000084200000, 0x0000000084300000, 0x0000000084300000|100%| O|  |TAMS 0x0000000084200000, 0x0000000084200000| Untracked 
|  67|0x0000000084300000, 0x0000000084400000, 0x0000000084400000|100%| O|  |TAMS 0x0000000084300000, 0x0000000084300000| Untracked 
|  68|0x0000000084400000, 0x0000000084500000, 0x0000000084500000|100%| O|  |TAMS 0x0000000084400000, 0x0000000084400000| Untracked 
|  69|0x0000000084500000, 0x0000000084600000, 0x0000000084600000|100%| O|  |TAMS 0x0000000084500000, 0x0000000084500000| Untracked 
|  70|0x0000000084600000, 0x0000000084700000, 0x0000000084700000|100%| O|  |TAMS 0x0000000084600000, 0x0000000084600000| Untracked 
|  71|0x0000000084700000, 0x0000000084800000, 0x0000000084800000|100%| O|  |TAMS 0x0000000084700000, 0x0000000084700000| Untracked 
|  72|0x0000000084800000, 0x0000000084900000, 0x0000000084900000|100%| O|  |TAMS 0x0000000084800000, 0x0000000084800000| Untracked 
|  73|0x0000000084900000, 0x0000000084979400, 0x0000000084a00000| 47%| O|  |TAMS 0x0000000084900000, 0x0000000084900000| Untracked 
|  74|0x0000000084a00000, 0x0000000084a00000, 0x0000000084b00000|  0%| F|  |TAMS 0x0000000084a00000, 0x0000000084a00000| Untracked 
|  75|0x0000000084b00000, 0x0000000084b00000, 0x0000000084c00000|  0%| F|  |TAMS 0x0000000084b00000, 0x0000000084b00000| Untracked 
|  76|0x0000000084c00000, 0x0000000084c00000, 0x0000000084d00000|  0%| F|  |TAMS 0x0000000084c00000, 0x0000000084c00000| Untracked 
|  77|0x0000000084d00000, 0x0000000084d00000, 0x0000000084e00000|  0%| F|  |TAMS 0x0000000084d00000, 0x0000000084d00000| Untracked 
|  78|0x0000000084e00000, 0x0000000084e00000, 0x0000000084f00000|  0%| F|  |TAMS 0x0000000084e00000, 0x0000000084e00000| Untracked 
|  79|0x0000000084f00000, 0x0000000084f00000, 0x0000000085000000|  0%| F|  |TAMS 0x0000000084f00000, 0x0000000084f00000| Untracked 
|  80|0x0000000085000000, 0x0000000085000000, 0x0000000085100000|  0%| F|  |TAMS 0x0000000085000000, 0x0000000085000000| Untracked 
|  81|0x0000000085100000, 0x0000000085100000, 0x0000000085200000|  0%| F|  |TAMS 0x0000000085100000, 0x0000000085100000| Untracked 
|  82|0x0000000085200000, 0x0000000085200000, 0x0000000085300000|  0%| F|  |TAMS 0x0000000085200000, 0x0000000085200000| Untracked 
|  83|0x0000000085300000, 0x0000000085300000, 0x0000000085400000|  0%| F|  |TAMS 0x0000000085300000, 0x0000000085300000| Untracked 
|  84|0x0000000085400000, 0x0000000085400000, 0x0000000085500000|  0%| F|  |TAMS 0x0000000085400000, 0x0000000085400000| Untracked 
|  85|0x0000000085500000, 0x0000000085500000, 0x0000000085600000|  0%| F|  |TAMS 0x0000000085500000, 0x0000000085500000| Untracked 
|  86|0x0000000085600000, 0x0000000085600000, 0x0000000085700000|  0%| F|  |TAMS 0x0000000085600000, 0x0000000085600000| Untracked 
|  87|0x0000000085700000, 0x0000000085700000, 0x0000000085800000|  0%| F|  |TAMS 0x0000000085700000, 0x0000000085700000| Untracked 
|  88|0x0000000085800000, 0x0000000085800000, 0x0000000085900000|  0%| F|  |TAMS 0x0000000085800000, 0x0000000085800000| Untracked 
|  89|0x0000000085900000, 0x0000000085900000, 0x0000000085a00000|  0%| F|  |TAMS 0x0000000085900000, 0x0000000085900000| Untracked 
|  90|0x0000000085a00000, 0x0000000085a00000, 0x0000000085b00000|  0%| F|  |TAMS 0x0000000085a00000, 0x0000000085a00000| Untracked 
|  91|0x0000000085b00000, 0x0000000085b00000, 0x0000000085c00000|  0%| F|  |TAMS 0x0000000085b00000, 0x0000000085b00000| Untracked 
|  92|0x0000000085c00000, 0x0000000085c00000, 0x0000000085d00000|  0%| F|  |TAMS 0x0000000085c00000, 0x0000000085c00000| Untracked 
|  93|0x0000000085d00000, 0x0000000085d00000, 0x0000000085e00000|  0%| F|  |TAMS 0x0000000085d00000, 0x0000000085d00000| Untracked 
|  94|0x0000000085e00000, 0x0000000085e00000, 0x0000000085f00000|  0%| F|  |TAMS 0x0000000085e00000, 0x0000000085e00000| Untracked 
|  95|0x0000000085f00000, 0x0000000085f00000, 0x0000000086000000|  0%| F|  |TAMS 0x0000000085f00000, 0x0000000085f00000| Untracked 
|  96|0x0000000086000000, 0x0000000086000000, 0x0000000086100000|  0%| F|  |TAMS 0x0000000086000000, 0x0000000086000000| Untracked 
|  97|0x0000000086100000, 0x0000000086100000, 0x0000000086200000|  0%| F|  |TAMS 0x0000000086100000, 0x0000000086100000| Untracked 
|  98|0x0000000086200000, 0x0000000086200000, 0x0000000086300000|  0%| F|  |TAMS 0x0000000086200000, 0x0000000086200000| Untracked 
|  99|0x0000000086300000, 0x0000000086300000, 0x0000000086400000|  0%| F|  |TAMS 0x0000000086300000, 0x0000000086300000| Untracked 
| 100|0x0000000086400000, 0x0000000086400000, 0x0000000086500000|  0%| F|  |TAMS 0x0000000086400000, 0x0000000086400000| Untracked 
| 101|0x0000000086500000, 0x00000000865b8460, 0x0000000086600000| 71%| S|CS|TAMS 0x0000000086500000, 0x0000000086500000| Complete 
| 102|0x0000000086600000, 0x0000000086700000, 0x0000000086700000|100%| S|CS|TAMS 0x0000000086600000, 0x0000000086600000| Complete 
| 103|0x0000000086700000, 0x0000000086800000, 0x0000000086800000|100%| S|CS|TAMS 0x0000000086700000, 0x0000000086700000| Complete 
| 104|0x0000000086800000, 0x0000000086900000, 0x0000000086900000|100%| S|CS|TAMS 0x0000000086800000, 0x0000000086800000| Complete 
| 105|0x0000000086900000, 0x0000000086a00000, 0x0000000086a00000|100%| S|CS|TAMS 0x0000000086900000, 0x0000000086900000| Complete 
| 106|0x0000000086a00000, 0x0000000086b00000, 0x0000000086b00000|100%| S|CS|TAMS 0x0000000086a00000, 0x0000000086a00000| Complete 
| 107|0x0000000086b00000, 0x0000000086b00000, 0x0000000086c00000|  0%| F|  |TAMS 0x0000000086b00000, 0x0000000086b00000| Untracked 
| 108|0x0000000086c00000, 0x0000000086c00000, 0x0000000086d00000|  0%| F|  |TAMS 0x0000000086c00000, 0x0000000086c00000| Untracked 
| 109|0x0000000086d00000, 0x0000000086d00000, 0x0000000086e00000|  0%| F|  |TAMS 0x0000000086d00000, 0x0000000086d00000| Untracked 
| 110|0x0000000086e00000, 0x0000000086e00000, 0x0000000086f00000|  0%| F|  |TAMS 0x0000000086e00000, 0x0000000086e00000| Untracked 
| 111|0x0000000086f00000, 0x0000000087000000, 0x0000000087000000|100%| S|CS|TAMS 0x0000000086f00000, 0x0000000086f00000| Complete 
| 112|0x0000000087000000, 0x0000000087100000, 0x0000000087100000|100%| S|CS|TAMS 0x0000000087000000, 0x0000000087000000| Complete 
| 113|0x0000000087100000, 0x0000000087100000, 0x0000000087200000|  0%| F|  |TAMS 0x0000000087100000, 0x0000000087100000| Untracked 
| 114|0x0000000087200000, 0x0000000087200000, 0x0000000087300000|  0%| F|  |TAMS 0x0000000087200000, 0x0000000087200000| Untracked 
| 115|0x0000000087300000, 0x0000000087300000, 0x0000000087400000|  0%| F|  |TAMS 0x0000000087300000, 0x0000000087300000| Untracked 
| 116|0x0000000087400000, 0x0000000087400000, 0x0000000087500000|  0%| F|  |TAMS 0x0000000087400000, 0x0000000087400000| Untracked 
| 117|0x0000000087500000, 0x0000000087500000, 0x0000000087600000|  0%| F|  |TAMS 0x0000000087500000, 0x0000000087500000| Untracked 
| 118|0x0000000087600000, 0x0000000087600000, 0x0000000087700000|  0%| F|  |TAMS 0x0000000087600000, 0x0000000087600000| Untracked 
| 119|0x0000000087700000, 0x0000000087700000, 0x0000000087800000|  0%| F|  |TAMS 0x0000000087700000, 0x0000000087700000| Untracked 
| 120|0x0000000087800000, 0x0000000087800000, 0x0000000087900000|  0%| F|  |TAMS 0x0000000087800000, 0x0000000087800000| Untracked 
| 121|0x0000000087900000, 0x0000000087900000, 0x0000000087a00000|  0%| F|  |TAMS 0x0000000087900000, 0x0000000087900000| Untracked 
| 122|0x0000000087a00000, 0x0000000087a00000, 0x0000000087b00000|  0%| F|  |TAMS 0x0000000087a00000, 0x0000000087a00000| Untracked 
| 123|0x0000000087b00000, 0x0000000087b00000, 0x0000000087c00000|  0%| F|  |TAMS 0x0000000087b00000, 0x0000000087b00000| Untracked 
| 124|0x0000000087c00000, 0x0000000087c00000, 0x0000000087d00000|  0%| F|  |TAMS 0x0000000087c00000, 0x0000000087c00000| Untracked 
| 125|0x0000000087d00000, 0x0000000087d00000, 0x0000000087e00000|  0%| F|  |TAMS 0x0000000087d00000, 0x0000000087d00000| Untracked 
| 126|0x0000000087e00000, 0x0000000087e00000, 0x0000000087f00000|  0%| F|  |TAMS 0x0000000087e00000, 0x0000000087e00000| Untracked 
| 127|0x0000000087f00000, 0x0000000087f00000, 0x0000000088000000|  0%| F|  |TAMS 0x0000000087f00000, 0x0000000087f00000| Untracked 
| 128|0x0000000088000000, 0x0000000088000000, 0x0000000088100000|  0%| F|  |TAMS 0x0000000088000000, 0x0000000088000000| Untracked 
| 129|0x0000000088100000, 0x0000000088100000, 0x0000000088200000|  0%| F|  |TAMS 0x0000000088100000, 0x0000000088100000| Untracked 
| 130|0x0000000088200000, 0x0000000088200000, 0x0000000088300000|  0%| F|  |TAMS 0x0000000088200000, 0x0000000088200000| Untracked 
| 131|0x0000000088300000, 0x0000000088300000, 0x0000000088400000|  0%| F|  |TAMS 0x0000000088300000, 0x0000000088300000| Untracked 
| 132|0x0000000088400000, 0x0000000088400000, 0x0000000088500000|  0%| F|  |TAMS 0x0000000088400000, 0x0000000088400000| Untracked 
| 133|0x0000000088500000, 0x0000000088500000, 0x0000000088600000|  0%| F|  |TAMS 0x0000000088500000, 0x0000000088500000| Untracked 
| 134|0x0000000088600000, 0x0000000088600000, 0x0000000088700000|  0%| F|  |TAMS 0x0000000088600000, 0x0000000088600000| Untracked 
| 135|0x0000000088700000, 0x0000000088700000, 0x0000000088800000|  0%| F|  |TAMS 0x0000000088700000, 0x0000000088700000| Untracked 
| 136|0x0000000088800000, 0x0000000088800000, 0x0000000088900000|  0%| F|  |TAMS 0x0000000088800000, 0x0000000088800000| Untracked 
| 137|0x0000000088900000, 0x0000000088900000, 0x0000000088a00000|  0%| F|  |TAMS 0x0000000088900000, 0x0000000088900000| Untracked 
| 138|0x0000000088a00000, 0x0000000088a00000, 0x0000000088b00000|  0%| F|  |TAMS 0x0000000088a00000, 0x0000000088a00000| Untracked 
| 139|0x0000000088b00000, 0x0000000088b00000, 0x0000000088c00000|  0%| F|  |TAMS 0x0000000088b00000, 0x0000000088b00000| Untracked 
| 140|0x0000000088c00000, 0x0000000088c00000, 0x0000000088d00000|  0%| F|  |TAMS 0x0000000088c00000, 0x0000000088c00000| Untracked 
| 141|0x0000000088d00000, 0x0000000088d00000, 0x0000000088e00000|  0%| F|  |TAMS 0x0000000088d00000, 0x0000000088d00000| Untracked 
| 142|0x0000000088e00000, 0x0000000088e00000, 0x0000000088f00000|  0%| F|  |TAMS 0x0000000088e00000, 0x0000000088e00000| Untracked 
| 143|0x0000000088f00000, 0x0000000088f00000, 0x0000000089000000|  0%| F|  |TAMS 0x0000000088f00000, 0x0000000088f00000| Untracked 
| 144|0x0000000089000000, 0x0000000089000000, 0x0000000089100000|  0%| F|  |TAMS 0x0000000089000000, 0x0000000089000000| Untracked 
| 145|0x0000000089100000, 0x0000000089100000, 0x0000000089200000|  0%| F|  |TAMS 0x0000000089100000, 0x0000000089100000| Untracked 
| 146|0x0000000089200000, 0x0000000089200000, 0x0000000089300000|  0%| F|  |TAMS 0x0000000089200000, 0x0000000089200000| Untracked 
| 147|0x0000000089300000, 0x0000000089300000, 0x0000000089400000|  0%| F|  |TAMS 0x0000000089300000, 0x0000000089300000| Untracked 
| 148|0x0000000089400000, 0x0000000089400000, 0x0000000089500000|  0%| F|  |TAMS 0x0000000089400000, 0x0000000089400000| Untracked 
| 149|0x0000000089500000, 0x0000000089500000, 0x0000000089600000|  0%| F|  |TAMS 0x0000000089500000, 0x0000000089500000| Untracked 
| 150|0x0000000089600000, 0x0000000089600000, 0x0000000089700000|  0%| F|  |TAMS 0x0000000089600000, 0x0000000089600000| Untracked 
| 151|0x0000000089700000, 0x0000000089700000, 0x0000000089800000|  0%| F|  |TAMS 0x0000000089700000, 0x0000000089700000| Untracked 
| 152|0x0000000089800000, 0x0000000089800000, 0x0000000089900000|  0%| F|  |TAMS 0x0000000089800000, 0x0000000089800000| Untracked 
| 153|0x0000000089900000, 0x0000000089900000, 0x0000000089a00000|  0%| F|  |TAMS 0x0000000089900000, 0x0000000089900000| Untracked 
| 154|0x0000000089a00000, 0x0000000089a00000, 0x0000000089b00000|  0%| F|  |TAMS 0x0000000089a00000, 0x0000000089a00000| Untracked 
| 155|0x0000000089b00000, 0x0000000089b00000, 0x0000000089c00000|  0%| F|  |TAMS 0x0000000089b00000, 0x0000000089b00000| Untracked 
| 156|0x0000000089c00000, 0x0000000089c00000, 0x0000000089d00000|  0%| F|  |TAMS 0x0000000089c00000, 0x0000000089c00000| Untracked 
| 157|0x0000000089d00000, 0x0000000089d00000, 0x0000000089e00000|  0%| F|  |TAMS 0x0000000089d00000, 0x0000000089d00000| Untracked 
| 158|0x0000000089e00000, 0x0000000089e00000, 0x0000000089f00000|  0%| F|  |TAMS 0x0000000089e00000, 0x0000000089e00000| Untracked 
| 159|0x0000000089f00000, 0x0000000089f00000, 0x000000008a000000|  0%| F|  |TAMS 0x0000000089f00000, 0x0000000089f00000| Untracked 
| 160|0x000000008a000000, 0x000000008a000000, 0x000000008a100000|  0%| F|  |TAMS 0x000000008a000000, 0x000000008a000000| Untracked 
| 161|0x000000008a100000, 0x000000008a1fe8d8, 0x000000008a200000| 99%| E|  |TAMS 0x000000008a100000, 0x000000008a100000| Complete 
| 162|0x000000008a200000, 0x000000008a300000, 0x000000008a300000|100%| E|CS|TAMS 0x000000008a200000, 0x000000008a200000| Complete 
| 163|0x000000008a300000, 0x000000008a400000, 0x000000008a400000|100%| E|CS|TAMS 0x000000008a300000, 0x000000008a300000| Complete 
| 164|0x000000008a400000, 0x000000008a500000, 0x000000008a500000|100%| E|CS|TAMS 0x000000008a400000, 0x000000008a400000| Complete 
| 165|0x000000008a500000, 0x000000008a600000, 0x000000008a600000|100%| E|CS|TAMS 0x000000008a500000, 0x000000008a500000| Complete 
| 166|0x000000008a600000, 0x000000008a700000, 0x000000008a700000|100%| E|CS|TAMS 0x000000008a600000, 0x000000008a600000| Complete 
| 167|0x000000008a700000, 0x000000008a800000, 0x000000008a800000|100%| E|CS|TAMS 0x000000008a700000, 0x000000008a700000| Complete 
| 168|0x000000008a800000, 0x000000008a900000, 0x000000008a900000|100%| E|CS|TAMS 0x000000008a800000, 0x000000008a800000| Complete 
| 169|0x000000008a900000, 0x000000008aa00000, 0x000000008aa00000|100%| E|CS|TAMS 0x000000008a900000, 0x000000008a900000| Complete 
| 170|0x000000008aa00000, 0x000000008ab00000, 0x000000008ab00000|100%| E|CS|TAMS 0x000000008aa00000, 0x000000008aa00000| Complete 
| 171|0x000000008ab00000, 0x000000008ac00000, 0x000000008ac00000|100%| E|CS|TAMS 0x000000008ab00000, 0x000000008ab00000| Complete 
| 172|0x000000008ac00000, 0x000000008ad00000, 0x000000008ad00000|100%| E|CS|TAMS 0x000000008ac00000, 0x000000008ac00000| Complete 
| 173|0x000000008ad00000, 0x000000008ae00000, 0x000000008ae00000|100%| E|CS|TAMS 0x000000008ad00000, 0x000000008ad00000| Complete 
| 174|0x000000008ae00000, 0x000000008af00000, 0x000000008af00000|100%| E|CS|TAMS 0x000000008ae00000, 0x000000008ae00000| Complete 
| 175|0x000000008af00000, 0x000000008b000000, 0x000000008b000000|100%| E|CS|TAMS 0x000000008af00000, 0x000000008af00000| Complete 
| 176|0x000000008b000000, 0x000000008b100000, 0x000000008b100000|100%| E|CS|TAMS 0x000000008b000000, 0x000000008b000000| Complete 
| 177|0x000000008b100000, 0x000000008b200000, 0x000000008b200000|100%| E|CS|TAMS 0x000000008b100000, 0x000000008b100000| Complete 
| 178|0x000000008b200000, 0x000000008b300000, 0x000000008b300000|100%| E|CS|TAMS 0x000000008b200000, 0x000000008b200000| Complete 
| 179|0x000000008b300000, 0x000000008b400000, 0x000000008b400000|100%| E|CS|TAMS 0x000000008b300000, 0x000000008b300000| Complete 
| 180|0x000000008b400000, 0x000000008b500000, 0x000000008b500000|100%| E|CS|TAMS 0x000000008b400000, 0x000000008b400000| Complete 
| 181|0x000000008b500000, 0x000000008b600000, 0x000000008b600000|100%| E|CS|TAMS 0x000000008b500000, 0x000000008b500000| Complete 
| 182|0x000000008b600000, 0x000000008b700000, 0x000000008b700000|100%| E|CS|TAMS 0x000000008b600000, 0x000000008b600000| Complete 
| 183|0x000000008b700000, 0x000000008b800000, 0x000000008b800000|100%| E|CS|TAMS 0x000000008b700000, 0x000000008b700000| Complete 
| 184|0x000000008b800000, 0x000000008b900000, 0x000000008b900000|100%| E|CS|TAMS 0x000000008b800000, 0x000000008b800000| Complete 

Card table byte_map: [0x00000202abda0000,0x00000202ac1a0000] _byte_map_base: 0x00000202ab9a0000

Marking Bits (Prev, Next): (CMBitMap*) 0x0000020298ece1d0, (CMBitMap*) 0x0000020298ece198
 Prev Bits: [0x00000202ae5a0000, 0x00000202b05a0000)
 Next Bits: [0x00000202ac5a0000, 0x00000202ae5a0000)

Polling page: 0x0000020296df0000

Metaspace:

Usage:
  Non-class:     80.20 MB capacity,    78.83 MB ( 98%) used,     1.11 MB (  1%) free+waste,   263.56 KB ( <1%) overhead. 
      Class:     12.37 MB capacity,    11.59 MB ( 94%) used,   681.70 KB (  5%) free+waste,   117.63 KB ( <1%) overhead. 
       Both:     92.57 MB capacity,    90.42 MB ( 98%) used,     1.78 MB (  2%) free+waste,   381.19 KB ( <1%) overhead. 

Virtual space:
  Non-class space:       82.00 MB reserved,      80.20 MB ( 98%) committed 
      Class space:        1.00 GB reserved,      12.38 MB (  1%) committed 
             Both:        1.08 GB reserved,      92.57 MB (  8%) committed 

Chunk freelists:
   Non-Class:  0 bytes
       Class:  4.00 KB
        Both:  4.00 KB

MaxMetaspaceSize: 17179869184.00 GB
CompressedClassSpaceSize: 1.00 GB
Initial GC threshold: 20.80 MB
Current GC threshold: 98.46 MB
CDS: off

CodeHeap 'non-profiled nmethods': size=120064Kb used=7196Kb max_used=7196Kb free=112867Kb
 bounds [0x00000202a4460000, 0x00000202a4b70000, 0x00000202ab9a0000]
CodeHeap 'profiled nmethods': size=120000Kb used=24655Kb max_used=24655Kb free=95345Kb
 bounds [0x000002029cf30000, 0x000002029e750000, 0x00000202a4460000]
CodeHeap 'non-nmethods': size=5696Kb used=2388Kb max_used=2451Kb free=3307Kb
 bounds [0x000002029c9a0000, 0x000002029cc10000, 0x000002029cf30000]
 total_blobs=12248 nmethods=11341 adapters=819
 compilation: enabled
              stopped_count=0, restarted_count=0
 full_count=0

Compilation events (20 events):
Event: 35.305 Thread 0x00000202b2ace000 11422       2       org.gradle.internal.serialize.SetSerializer::createCollection (27 bytes)
Event: 35.306 Thread 0x00000202b2ace000 nmethod 11422 0x000002029e740c90 code [0x000002029e740ec0, 0x000002029e7412f8]
Event: 35.306 Thread 0x00000202b2ace000 11423       2       org.apache.tools.zip.ZipEntry::isDirectory (10 bytes)
Event: 35.306 Thread 0x00000202b2ace000 nmethod 11423 0x000002029e741510 code [0x000002029e7416c0, 0x000002029e741828]
Event: 35.306 Thread 0x00000202b2ace000 11424       1       org.gradle.api.internal.tasks.compile.incremental.classpath.DefaultClassSetAnalyzer::access$200 (5 bytes)
Event: 35.306 Thread 0x00000202b2ace000 nmethod 11424 0x00000202a4b66c10 code [0x00000202a4b66dc0, 0x00000202a4b66e58]
Event: 35.306 Thread 0x00000202b2ace000 11425       1       org.gradle.api.internal.tasks.compile.incremental.classpath.DefaultClassSetAnalyzer::access$000 (5 bytes)
Event: 35.307 Thread 0x00000202b2ace000 nmethod 11425 0x00000202a4b66f10 code [0x00000202a4b670c0, 0x00000202a4b67158]
Event: 35.307 Thread 0x00000202b2ace000 11426       2       org.objectweb.asm.MethodVisitor::visitCode (15 bytes)
Event: 35.307 Thread 0x00000202b2ace000 nmethod 11426 0x000002029e741990 code [0x000002029e741b40, 0x000002029e741c68]
Event: 35.312 Thread 0x00000202b2ace000 11428   !   2       org.gradle.internal.IoActions::closeQuietly (15 bytes)
Event: 35.312 Thread 0x00000202b2ace000 nmethod 11428 0x000002029e741d10 code [0x000002029e741ec0, 0x000002029e741fe8]
Event: 35.316 Thread 0x00000202b2ace000 11430       2       org.gradle.internal.serialize.InterningStringSerializer::read (6 bytes)
Event: 35.316 Thread 0x00000202b2ace000 nmethod 11430 0x000002029e742090 code [0x000002029e742260, 0x000002029e742418]
Event: 35.356 Thread 0x00000202b2ace000 11434       2       org.gradle.api.internal.tasks.compile.incremental.deps.ClassAnalysis::<init> (54 bytes)
Event: 35.356 Thread 0x00000202b2ace000 nmethod 11434 0x000002029e742590 code [0x000002029e742780, 0x000002029e742ae8]
Event: 35.357 Thread 0x00000202b2ace000 11435       2       org.gradle.api.file.RelativePath::<init> (75 bytes)
Event: 35.357 Thread 0x00000202b2ace000 nmethod 11435 0x000002029e742c10 code [0x000002029e742e00, 0x000002029e743258]
Event: 35.358 Thread 0x00000202b2ace000 11436       2       org.gradle.api.file.RelativePath::<init> (8 bytes)
Event: 35.358 Thread 0x00000202b2ace000 nmethod 11436 0x000002029e743410 code [0x000002029e7435c0, 0x000002029e7436e8]

GC Heap History (20 events):
Event: 13.251 GC heap before
{Heap before GC invocations=12 (full 0):
 garbage-first heap   total 157696K, used 105281K [0x0000000080000000, 0x0000000100000000)
  region size 1024K, 73 young (74752K), 3 survivors (3072K)
 Metaspace       used 48734K, capacity 49897K, committed 49996K, reserved 1093632K
  class space    used 6241K, capacity 6688K, committed 6784K, reserved 1048576K
}
Event: 13.265 GC heap after
{Heap after GC invocations=13 (full 0):
 garbage-first heap   total 157696K, used 43008K [0x0000000080000000, 0x0000000100000000)
  region size 1024K, 10 young (10240K), 10 survivors (10240K)
 Metaspace       used 48734K, capacity 49897K, committed 49996K, reserved 1093632K
  class space    used 6241K, capacity 6688K, committed 6784K, reserved 1048576K
}
Event: 15.578 GC heap before
{Heap before GC invocations=13 (full 0):
 garbage-first heap   total 157696K, used 114688K [0x0000000080000000, 0x0000000100000000)
  region size 1024K, 80 young (81920K), 10 survivors (10240K)
 Metaspace       used 58650K, capacity 60025K, committed 60236K, reserved 1101824K
  class space    used 7413K, capacity 7937K, committed 8064K, reserved 1048576K
}
Event: 15.596 GC heap after
{Heap after GC invocations=14 (full 0):
 garbage-first heap   total 157696K, used 46321K [0x0000000080000000, 0x0000000100000000)
  region size 1024K, 4 young (4096K), 4 survivors (4096K)
 Metaspace       used 58650K, capacity 60025K, committed 60236K, reserved 1101824K
  class space    used 7413K, capacity 7937K, committed 8064K, reserved 1048576K
}
Event: 15.603 GC heap before
{Heap before GC invocations=14 (full 0):
 garbage-first heap   total 157696K, used 46321K [0x0000000080000000, 0x0000000100000000)
  region size 1024K, 5 young (5120K), 4 survivors (4096K)
 Metaspace       used 58673K, capacity 60089K, committed 60236K, reserved 1101824K
  class space    used 7417K, capacity 7937K, committed 8064K, reserved 1048576K
}
Event: 15.612 GC heap after
{Heap after GC invocations=15 (full 0):
 garbage-first heap   total 157696K, used 46020K [0x0000000080000000, 0x0000000100000000)
  region size 1024K, 3 young (3072K), 3 survivors (3072K)
 Metaspace       used 58673K, capacity 60089K, committed 60236K, reserved 1101824K
  class space    used 7417K, capacity 7937K, committed 8064K, reserved 1048576K
}
Event: 18.622 GC heap before
{Heap before GC invocations=16 (full 0):
 garbage-first heap   total 157696K, used 119748K [0x0000000080000000, 0x0000000100000000)
  region size 1024K, 75 young (76800K), 3 survivors (3072K)
 Metaspace       used 66051K, capacity 67547K, committed 67788K, reserved 1107968K
  class space    used 8348K, capacity 8920K, committed 8960K, reserved 1048576K
}
Event: 18.644 GC heap after
{Heap after GC invocations=17 (full 0):
 garbage-first heap   total 157696K, used 52164K [0x0000000080000000, 0x0000000100000000)
  region size 1024K, 9 young (9216K), 9 survivors (9216K)
 Metaspace       used 66051K, capacity 67547K, committed 67788K, reserved 1107968K
  class space    used 8348K, capacity 8920K, committed 8960K, reserved 1048576K
}
Event: 22.231 GC heap before
{Heap before GC invocations=17 (full 0):
 garbage-first heap   total 157696K, used 122820K [0x0000000080000000, 0x0000000100000000)
  region size 1024K, 78 young (79872K), 9 survivors (9216K)
 Metaspace       used 70937K, capacity 72501K, committed 72780K, reserved 1112064K
  class space    used 9171K, capacity 9777K, committed 9856K, reserved 1048576K
}
Event: 22.254 GC heap after
{Heap after GC invocations=18 (full 0):
 garbage-first heap   total 189440K, used 56446K [0x0000000080000000, 0x0000000100000000)
  region size 1024K, 6 young (6144K), 6 survivors (6144K)
 Metaspace       used 70937K, capacity 72501K, committed 72780K, reserved 1112064K
  class space    used 9171K, capacity 9777K, committed 9856K, reserved 1048576K
}
Event: 24.523 GC heap before
{Heap before GC invocations=18 (full 0):
 garbage-first heap   total 189440K, used 135294K [0x0000000080000000, 0x0000000100000000)
  region size 1024K, 83 young (84992K), 6 survivors (6144K)
 Metaspace       used 79058K, capacity 80838K, committed 81100K, reserved 1120256K
  class space    used 10303K, capacity 10984K, committed 11008K, reserved 1048576K
}
Event: 24.542 GC heap after
{Heap after GC invocations=19 (full 0):
 garbage-first heap   total 189440K, used 60728K [0x0000000080000000, 0x0000000100000000)
  region size 1024K, 10 young (10240K), 10 survivors (10240K)
 Metaspace       used 79058K, capacity 80838K, committed 81100K, reserved 1120256K
  class space    used 10303K, capacity 10984K, committed 11008K, reserved 1048576K
}
Event: 27.108 GC heap before
{Heap before GC invocations=19 (full 0):
 garbage-first heap   total 189440K, used 146744K [0x0000000080000000, 0x0000000100000000)
  region size 1024K, 95 young (97280K), 10 survivors (10240K)
 Metaspace       used 84160K, capacity 86221K, committed 86476K, reserved 1124352K
  class space    used 10905K, capacity 11697K, committed 11776K, reserved 1048576K
}
Event: 27.139 GC heap after
{Heap after GC invocations=20 (full 0):
 garbage-first heap   total 189440K, used 68535K [0x0000000080000000, 0x0000000100000000)
  region size 1024K, 12 young (12288K), 12 survivors (12288K)
 Metaspace       used 84160K, capacity 86221K, committed 86476K, reserved 1124352K
  class space    used 10905K, capacity 11697K, committed 11776K, reserved 1048576K
}
Event: 29.162 GC heap before
{Heap before GC invocations=20 (full 0):
 garbage-first heap   total 189440K, used 147383K [0x0000000080000000, 0x0000000100000000)
  region size 1024K, 90 young (92160K), 12 survivors (12288K)
 Metaspace       used 86196K, capacity 88308K, committed 88396K, reserved 1126400K
  class space    used 11115K, capacity 11899K, committed 11904K, reserved 1048576K
}
Event: 29.194 GC heap after
{Heap after GC invocations=21 (full 0):
 garbage-first heap   total 189440K, used 75075K [0x0000000080000000, 0x0000000100000000)
  region size 1024K, 7 young (7168K), 7 survivors (7168K)
 Metaspace       used 86196K, capacity 88308K, committed 88396K, reserved 1126400K
  class space    used 11115K, capacity 11899K, committed 11904K, reserved 1048576K
}
Event: 30.214 GC heap before
{Heap before GC invocations=21 (full 0):
 garbage-first heap   total 189440K, used 149827K [0x0000000080000000, 0x0000000100000000)
  region size 1024K, 81 young (82944K), 7 survivors (7168K)
 Metaspace       used 89273K, capacity 91453K, committed 91724K, reserved 1128448K
  class space    used 11507K, capacity 12319K, committed 12416K, reserved 1048576K
}
Event: 30.232 GC heap after
{Heap after GC invocations=22 (full 0):
 garbage-first heap   total 189440K, used 78656K [0x0000000080000000, 0x0000000100000000)
  region size 1024K, 4 young (4096K), 4 survivors (4096K)
 Metaspace       used 89273K, capacity 91453K, committed 91724K, reserved 1128448K
  class space    used 11507K, capacity 12319K, committed 12416K, reserved 1048576K
}
Event: 34.631 GC heap before
{Heap before GC invocations=22 (full 0):
 garbage-first heap   total 189440K, used 151360K [0x0000000080000000, 0x0000000100000000)
  region size 1024K, 76 young (77824K), 4 survivors (4096K)
 Metaspace       used 91671K, capacity 93844K, committed 94028K, reserved 1130496K
  class space    used 11770K, capacity 12586K, committed 12672K, reserved 1048576K
}
Event: 34.652 GC heap after
{Heap after GC invocations=23 (full 0):
 garbage-first heap   total 189440K, used 83142K [0x0000000080000000, 0x0000000100000000)
  region size 1024K, 8 young (8192K), 8 survivors (8192K)
 Metaspace       used 91671K, capacity 93844K, committed 94028K, reserved 1130496K
  class space    used 11770K, capacity 12586K, committed 12672K, reserved 1048576K
}

Deoptimization events (20 events):
Event: 35.142 Thread 0x00000202b6115800 Uncommon trap: trap_request=0xffffff4d fr.pc=0x00000202a4552c98 relative=0x0000000000000078
Event: 35.142 Thread 0x00000202b6115800 Uncommon trap: reason=unstable_if action=reinterpret pc=0x00000202a4552c98 method=java.lang.Integer.stringSize(I)I @ 19 c2
Event: 35.142 Thread 0x00000202b6115800 DEOPT PACKING pc=0x00000202a4552c98 sp=0x0000009c60ff85e0
Event: 35.142 Thread 0x00000202b6115800 DEOPT UNPACKING pc=0x000002029c9ea1af sp=0x0000009c60ff8560 mode 2
Event: 35.142 Thread 0x00000202b6115800 Uncommon trap: trap_request=0xffffff4d fr.pc=0x00000202a48dd160 relative=0x00000000000002a0
Event: 35.142 Thread 0x00000202b6115800 Uncommon trap: reason=unstable_if action=reinterpret pc=0x00000202a48dd160 method=org.objectweb.asm.Type.getTypeInternal(Ljava/lang/String;II)Lorg/objectweb/asm/Type; @ 5 c2
Event: 35.142 Thread 0x00000202b6115800 DEOPT PACKING pc=0x00000202a48dd160 sp=0x0000009c60ff84e0
Event: 35.142 Thread 0x00000202b6115800 DEOPT UNPACKING pc=0x000002029c9ea1af sp=0x0000009c60ff84b0 mode 2
Event: 35.180 Thread 0x00000202b6115800 Uncommon trap: trap_request=0xffffffde fr.pc=0x00000202a4b3f278 relative=0x0000000000001518
Event: 35.180 Thread 0x00000202b6115800 Uncommon trap: reason=class_check action=maybe_recompile pc=0x00000202a4b3f278 method=org.objectweb.asm.ClassReader.readField(Lorg/objectweb/asm/ClassVisitor;Lorg/objectweb/asm/Context;I)I @ 332 c2
Event: 35.180 Thread 0x00000202b6115800 DEOPT PACKING pc=0x00000202a4b3f278 sp=0x0000009c60ff8890
Event: 35.180 Thread 0x00000202b6115800 DEOPT UNPACKING pc=0x000002029c9ea1af sp=0x0000009c60ff8820 mode 2
Event: 35.181 Thread 0x00000202b6115800 Uncommon trap: trap_request=0xffffffde fr.pc=0x00000202a4b3f278 relative=0x0000000000001518
Event: 35.181 Thread 0x00000202b6115800 Uncommon trap: reason=class_check action=maybe_recompile pc=0x00000202a4b3f278 method=org.objectweb.asm.ClassReader.readField(Lorg/objectweb/asm/ClassVisitor;Lorg/objectweb/asm/Context;I)I @ 332 c2
Event: 35.181 Thread 0x00000202b6115800 DEOPT PACKING pc=0x00000202a4b3f278 sp=0x0000009c60ff8890
Event: 35.181 Thread 0x00000202b6115800 DEOPT UNPACKING pc=0x000002029c9ea1af sp=0x0000009c60ff8820 mode 2
Event: 35.183 Thread 0x00000202b6115800 Uncommon trap: trap_request=0xffffffde fr.pc=0x00000202a4b3f278 relative=0x0000000000001518
Event: 35.183 Thread 0x00000202b6115800 Uncommon trap: reason=class_check action=maybe_recompile pc=0x00000202a4b3f278 method=org.objectweb.asm.ClassReader.readField(Lorg/objectweb/asm/ClassVisitor;Lorg/objectweb/asm/Context;I)I @ 332 c2
Event: 35.183 Thread 0x00000202b6115800 DEOPT PACKING pc=0x00000202a4b3f278 sp=0x0000009c60ff8890
Event: 35.183 Thread 0x00000202b6115800 DEOPT UNPACKING pc=0x000002029c9ea1af sp=0x0000009c60ff8820 mode 2

Classes redefined (0 events):
No events

Internal exceptions (20 events):
Event: 28.637 Thread 0x00000202b6115800 Exception <a 'sun/nio/fs/WindowsException'{0x00000000884231c0}> (0x00000000884231c0) thrown at [./src/hotspot/share/prims/jni.cpp, line 615]
Event: 28.638 Thread 0x00000202b6115800 Exception <a 'sun/nio/fs/WindowsException'{0x0000000088424098}> (0x0000000088424098) thrown at [./src/hotspot/share/prims/jni.cpp, line 615]
Event: 28.638 Thread 0x00000202b6115800 Exception <a 'sun/nio/fs/WindowsException'{0x0000000088424f30}> (0x0000000088424f30) thrown at [./src/hotspot/share/prims/jni.cpp, line 615]
Event: 28.678 Thread 0x00000202b6115800 Exception <a 'java/lang/NoSuchMethodError'{0x00000000883d85b0}: <clinit>> (0x00000000883d85b0) thrown at [./src/hotspot/share/prims/jni.cpp, line 1365]
Event: 28.686 Thread 0x00000202b6115800 Exception <a 'java/lang/NoSuchMethodError'{0x000000008820c4a8}: <clinit>> (0x000000008820c4a8) thrown at [./src/hotspot/share/prims/jni.cpp, line 1365]
Event: 28.690 Thread 0x00000202b6115800 Exception <a 'java/lang/NoSuchMethodError'{0x000000008823a4d0}: <clinit>> (0x000000008823a4d0) thrown at [./src/hotspot/share/prims/jni.cpp, line 1365]
Event: 28.691 Thread 0x00000202b6115800 Exception <a 'java/lang/NoSuchMethodError'{0x000000008824cf08}: <clinit>> (0x000000008824cf08) thrown at [./src/hotspot/share/prims/jni.cpp, line 1365]
Event: 29.149 Thread 0x00000202b5682000 Exception <a 'java/lang/NoSuchMethodError'{0x0000000086cc07c8}: 'int java.lang.invoke.DirectMethodHandle$Holder.invokeSpecial(java.lang.Object, java.lang.Object, java.lang.Object, java.lang.Object, java.lang.Object)'> (0x0000000086cc07c8) thrown at [./src/hotspot/share/interpreter/linkResolver.cpp, line 773]
Event: 30.562 Thread 0x00000202b5682800 Exception <a 'java/lang/NoSuchMethodError'{0x000000008af845c0}: 'void java.lang.invoke.DirectMethodHandle$Holder.invokeStatic(java.lang.Object, long)'> (0x000000008af845c0) thrown at [./src/hotspot/share/interpreter/linkResolver.cpp, line 773]
Event: 30.563 Thread 0x00000202b5682800 Exception <a 'java/lang/NoSuchMethodError'{0x000000008af897d8}: 'java.lang.Object java.lang.invoke.DirectMethodHandle$Holder.invokeStatic(java.lang.Object, long)'> (0x000000008af897d8) thrown at [./src/hotspot/share/interpreter/linkResolver.cpp, line 773]
Event: 30.566 Thread 0x00000202b5682800 Exception <a 'java/lang/NoSuchMethodError'{0x000000008af97b40}: 'java.lang.Object java.lang.invoke.DirectMethodHandle$Holder.invokeStaticInit(java.lang.Object, java.lang.Object, long, java.lang.Object)'> (0x000000008af97b40) thrown at [./src/hotspot/share/interpreter/linkResolver.cpp, line 773]
Event: 30.566 Thread 0x00000202b5682800 Exception <a 'java/lang/NoSuchMethodError'{0x000000008af9dcd8}: 'java.lang.Object java.lang.invoke.DirectMethodHandle$Holder.invokeStatic(java.lang.Object, java.lang.Object, long)'> (0x000000008af9dcd8) thrown at [./src/hotspot/share/interpreter/linkResolver.cpp, line 773]
Event: 30.567 Thread 0x00000202b5682800 Exception <a 'java/lang/NoSuchMethodError'{0x000000008afac9b8}: 'java.lang.Object java.lang.invoke.Invokers$Holder.linkToTargetMethod(java.lang.Object, long, java.lang.Object)'> (0x000000008afac9b8) thrown at [./src/hotspot/share/interpreter/linkResolver.cpp, line 773]
Event: 30.707 Thread 0x00000202b5682800 Exception <a 'java/lang/NoSuchMethodError'{0x000000008ad1c6a0}: 'int java.lang.invoke.DirectMethodHandle$Holder.invokeSpecialIFC(java.lang.Object, java.lang.Object, java.lang.Object)'> (0x000000008ad1c6a0) thrown at [./src/hotspot/share/interpreter/linkResolver.cpp, line 773]
Event: 33.391 Thread 0x00000202b5682800 Exception <a 'sun/nio/fs/WindowsException'{0x00000000895e51a8}> (0x00000000895e51a8) thrown at [./src/hotspot/share/prims/jni.cpp, line 615]
Event: 33.394 Thread 0x00000202b5682800 Exception <a 'sun/nio/fs/WindowsException'{0x0000000089406290}> (0x0000000089406290) thrown at [./src/hotspot/share/prims/jni.cpp, line 615]
Event: 33.394 Thread 0x00000202b5682800 Exception <a 'sun/nio/fs/WindowsException'{0x0000000089406378}> (0x0000000089406378) thrown at [./src/hotspot/share/prims/jni.cpp, line 615]
Event: 33.558 Thread 0x00000202b5682800 Implicit null exception at 0x00000202a4ae4578 to 0x00000202a4ae46f0
Event: 33.558 Thread 0x00000202b5682800 Implicit null exception at 0x00000202a4ae3ade to 0x00000202a4ae3c30
Event: 33.757 Thread 0x00000202b6115800 Exception <a 'java/lang/NoSuchMethodError'{0x0000000088789170}: 'java.lang.Object java.lang.invoke.DirectMethodHandle$Holder.newInvokeSpecial(java.lang.Object, java.lang.Object, java.lang.Object, java.lang.Object)'> (0x0000000088789170) thrown at [./src/hotspot/share/interpreter/linkResolver.cpp, line 773]

Events (20 events):
Event: 35.164 loading class it/unimi/dsi/fastutil/Hash$Strategy
Event: 35.164 loading class it/unimi/dsi/fastutil/Hash$Strategy done
Event: 35.165 loading class it/unimi/dsi/fastutil/ints/IntArrays$ForkJoinQuickSort2
Event: 35.165 loading class it/unimi/dsi/fastutil/ints/IntArrays$ForkJoinQuickSort2 done
Event: 35.165 loading class java/util/concurrent/RecursiveAction
Event: 35.165 loading class java/util/concurrent/RecursiveAction done
Event: 35.165 loading class it/unimi/dsi/fastutil/ints/IntArrays$ForkJoinQuickSortComp
Event: 35.165 loading class it/unimi/dsi/fastutil/ints/IntArrays$ForkJoinQuickSortComp done
Event: 35.166 loading class it/unimi/dsi/fastutil/ints/IntArrays$ForkJoinQuickSort
Event: 35.166 loading class it/unimi/dsi/fastutil/ints/IntArrays$ForkJoinQuickSort done
Event: 35.168 loading class it/unimi/dsi/fastutil/ints/IntArrays$ForkJoinQuickSortIndirect
Event: 35.168 loading class it/unimi/dsi/fastutil/ints/IntArrays$ForkJoinQuickSortIndirect done
Event: 35.168 loading class it/unimi/dsi/fastutil/ints/IntArrays$Segment
Event: 35.168 loading class it/unimi/dsi/fastutil/ints/IntArrays$Segment done
Event: 35.169 loading class it/unimi/dsi/fastutil/ints/IntArrays$ArrayHashStrategy
Event: 35.169 loading class it/unimi/dsi/fastutil/ints/IntArrays$ArrayHashStrategy done
Event: 35.169 loading class it/unimi/dsi/fastutil/ints/IntSets$UnmodifiableSet
Event: 35.169 loading class it/unimi/dsi/fastutil/ints/IntSets$UnmodifiableSet done
Event: 35.170 loading class it/unimi/dsi/fastutil/ints/IntCollections$UnmodifiableCollection
Event: 35.170 loading class it/unimi/dsi/fastutil/ints/IntCollections$UnmodifiableCollection done


Dynamic libraries:
0x00007ff72cf20000 - 0x00007ff72cf2a000 	C:\Program Files\Android\Android Studio\jre\bin\java.exe
0x00007ffe68c80000 - 0x00007ffe68e89000 	C:\Windows\SYSTEM32\ntdll.dll
0x00007ffe66ed0000 - 0x00007ffe66f8d000 	C:\Windows\System32\KERNEL32.DLL
0x00007ffe662d0000 - 0x00007ffe66644000 	C:\Windows\System32\KERNELBASE.dll
0x00007ffe66650000 - 0x00007ffe66761000 	C:\Windows\System32\ucrtbase.dll
0x00007ffe3bd80000 - 0x00007ffe3bd99000 	C:\Program Files\Android\Android Studio\jre\bin\jli.dll
0x00007ffe67360000 - 0x00007ffe6750c000 	C:\Windows\System32\USER32.dll
0x00007ffe66170000 - 0x00007ffe66196000 	C:\Windows\System32\win32u.dll
0x00007ffe67a20000 - 0x00007ffe67a49000 	C:\Windows\System32\GDI32.dll
0x00007ffe66810000 - 0x00007ffe66922000 	C:\Windows\System32\gdi32full.dll
0x00007ffe66770000 - 0x00007ffe6680d000 	C:\Windows\System32\msvcp_win.dll
0x00007ffe33770000 - 0x00007ffe33787000 	C:\Program Files\Android\Android Studio\jre\bin\VCRUNTIME140.dll
0x00007ffe39010000 - 0x00007ffe392b5000 	C:\Windows\WinSxS\amd64_microsoft.windows.common-controls_6595b64144ccf1df_6.0.22000.120_none_9d947278b86cc467\COMCTL32.dll
0x00007ffe66d30000 - 0x00007ffe66dd3000 	C:\Windows\System32\msvcrt.dll
0x00007ffe66cf0000 - 0x00007ffe66d21000 	C:\Windows\System32\IMM32.DLL
0x00007ffe06240000 - 0x00007ffe062dd000 	C:\Program Files\Android\Android Studio\jre\bin\msvcp140.dll
0x00007ffe03c70000 - 0x00007ffe04755000 	C:\Program Files\Android\Android Studio\jre\bin\server\jvm.dll
0x00007ffe66c40000 - 0x00007ffe66cee000 	C:\Windows\System32\ADVAPI32.dll
0x00007ffe67150000 - 0x00007ffe671ee000 	C:\Windows\System32\sechost.dll
0x00007ffe66b20000 - 0x00007ffe66c40000 	C:\Windows\System32\RPCRT4.dll
0x00007ffe66de0000 - 0x00007ffe66de8000 	C:\Windows\System32\PSAPI.DLL
0x00007ffe5f740000 - 0x00007ffe5f749000 	C:\Windows\SYSTEM32\WSOCK32.dll
0x00007ffe66e60000 - 0x00007ffe66ecf000 	C:\Windows\System32\WS2_32.dll
0x00007ffe5d0a0000 - 0x00007ffe5d0d3000 	C:\Windows\SYSTEM32\WINMM.dll
0x00007ffe54760000 - 0x00007ffe5476a000 	C:\Windows\SYSTEM32\VERSION.dll
0x00007ffe64c50000 - 0x00007ffe64c68000 	C:\Windows\SYSTEM32\kernel.appcore.dll
0x00007ffe5f720000 - 0x00007ffe5f731000 	C:\Program Files\Android\Android Studio\jre\bin\verify.dll
0x00007ffe5f050000 - 0x00007ffe5f271000 	C:\Windows\SYSTEM32\DBGHELP.DLL
0x00007ffe52b70000 - 0x00007ffe52ba1000 	C:\Windows\SYSTEM32\dbgcore.DLL
0x00007ffe66930000 - 0x00007ffe669af000 	C:\Windows\System32\bcryptPrimitives.dll
0x00007ffe5d280000 - 0x00007ffe5d2a9000 	C:\Program Files\Android\Android Studio\jre\bin\java.dll
0x00007ffe5d580000 - 0x00007ffe5d58b000 	C:\Program Files\Android\Android Studio\jre\bin\jimage.dll
0x00007ffe5d260000 - 0x00007ffe5d278000 	C:\Program Files\Android\Android Studio\jre\bin\zip.dll
0x00007ffe67fe0000 - 0x00007ffe6878e000 	C:\Windows\System32\SHELL32.dll
0x00007ffe643e0000 - 0x00007ffe64c47000 	C:\Windows\SYSTEM32\windows.storage.dll
0x00007ffe67c60000 - 0x00007ffe67fd8000 	C:\Windows\System32\combase.dll
0x00007ffe64270000 - 0x00007ffe643d6000 	C:\Windows\SYSTEM32\wintypes.dll
0x00007ffe67a50000 - 0x00007ffe67b3a000 	C:\Windows\System32\SHCORE.dll
0x00007ffe68a10000 - 0x00007ffe68a6d000 	C:\Windows\System32\shlwapi.dll
0x00007ffe660a0000 - 0x00007ffe660c1000 	C:\Windows\SYSTEM32\profapi.dll
0x00007ffe5c4c0000 - 0x00007ffe5c4da000 	C:\Program Files\Android\Android Studio\jre\bin\net.dll
0x00007ffe5aa40000 - 0x00007ffe5ab4c000 	C:\Windows\SYSTEM32\WINHTTP.dll
0x00007ffe65740000 - 0x00007ffe657a7000 	C:\Windows\system32\mswsock.dll
0x00007ffe52a10000 - 0x00007ffe52a24000 	C:\Program Files\Android\Android Studio\jre\bin\nio.dll
0x00007ffe3ddd0000 - 0x00007ffe3ddf7000 	C:\Users\Admin\.gradle\native\e1d6ef7f7dcc3fd88c89a11ec53ec762bb8ba0a96d01ffa2cd45eb1d1d8dd5c5\windows-amd64\native-platform.dll
0x00007ffe05ef0000 - 0x00007ffe06034000 	C:\Users\Admin\.gradle\native\5664cfc778a61ccfe75a443a1ab52a65af34e5dc3c78e0209fed803814484fcb\windows-amd64\native-platform-file-events.dll
0x00007ffe5aed0000 - 0x00007ffe5aeda000 	C:\Program Files\Android\Android Studio\jre\bin\management.dll
0x00007ffe44890000 - 0x00007ffe4489d000 	C:\Program Files\Android\Android Studio\jre\bin\management_ext.dll
0x00007ffe659d0000 - 0x00007ffe659e8000 	C:\Windows\SYSTEM32\CRYPTSP.dll
0x00007ffe652f0000 - 0x00007ffe65325000 	C:\Windows\system32\rsaenh.dll
0x00007ffe65880000 - 0x00007ffe658a9000 	C:\Windows\SYSTEM32\USERENV.dll
0x00007ffe65b50000 - 0x00007ffe65b77000 	C:\Windows\SYSTEM32\bcrypt.dll
0x00007ffe659f0000 - 0x00007ffe659fc000 	C:\Windows\SYSTEM32\CRYPTBASE.dll
0x00007ffe64ec0000 - 0x00007ffe64eed000 	C:\Windows\SYSTEM32\IPHLPAPI.DLL
0x00007ffe67a10000 - 0x00007ffe67a19000 	C:\Windows\System32\NSI.dll
0x00007ffe59db0000 - 0x00007ffe59dc9000 	C:\Windows\SYSTEM32\dhcpcsvc6.DLL
0x00007ffe5b310000 - 0x00007ffe5b32e000 	C:\Windows\SYSTEM32\dhcpcsvc.DLL
0x00007ffe64ef0000 - 0x00007ffe64fd7000 	C:\Windows\SYSTEM32\DNSAPI.dll

dbghelp: loaded successfully - version: 4.0.5 - missing functions: none
symbol engine: initialized successfully - sym options: 0x614 - pdb path: .;C:\Program Files\Android\Android Studio\jre\bin;C:\Windows\SYSTEM32;C:\Windows\WinSxS\amd64_microsoft.windows.common-controls_6595b64144ccf1df_6.0.22000.120_none_9d947278b86cc467;C:\Program Files\Android\Android Studio\jre\bin\server;C:\Users\Admin\.gradle\native\e1d6ef7f7dcc3fd88c89a11ec53ec762bb8ba0a96d01ffa2cd45eb1d1d8dd5c5\windows-amd64;C:\Users\Admin\.gradle\native\5664cfc778a61ccfe75a443a1ab52a65af34e5dc3c78e0209fed803814484fcb\windows-amd64

VM Arguments:
jvm_args: --add-opens=java.base/java.util=ALL-UNNAMED --add-opens=java.base/java.lang=ALL-UNNAMED --add-opens=java.base/java.lang.invoke=ALL-UNNAMED --add-opens=java.base/java.util=ALL-UNNAMED --add-opens=java.prefs/java.util.prefs=ALL-UNNAMED --add-opens=java.prefs/java.util.prefs=ALL-UNNAMED --add-opens=java.base/java.nio.charset=ALL-UNNAMED --add-opens=java.base/java.net=ALL-UNNAMED --add-opens=java.base/java.util.concurrent.atomic=ALL-UNNAMED -Xmx2048m -Dfile.encoding=UTF-8 -Duser.country=US -Duser.language=en -Duser.variant 
java_command: org.gradle.launcher.daemon.bootstrap.GradleDaemon 7.3.3
java_class_path (initial): C:\Users\Admin\.gradle\wrapper\dists\gradle-7.3.3-bin\6a41zxkdtcxs8rphpq6y0069z\gradle-7.3.3\lib\gradle-launcher-7.3.3.jar
Launcher Type: SUN_STANDARD

[Global flags]
     intx CICompilerCount                          = 3                                         {product} {ergonomic}
     uint ConcGCThreads                            = 1                                         {product} {ergonomic}
     uint G1ConcRefinementThreads                  = 4                                         {product} {ergonomic}
   size_t G1HeapRegionSize                         = 1048576                                   {product} {ergonomic}
    uintx GCDrainStackTargetSize                   = 64                                        {product} {ergonomic}
   size_t InitialHeapSize                          = 134217728                                 {product} {ergonomic}
   size_t MarkStackSize                            = 4194304                                   {product} {ergonomic}
   size_t MaxHeapSize                              = 2147483648                                {product} {command line}
   size_t MaxNewSize                               = 1287651328                                {product} {ergonomic}
   size_t MinHeapDeltaBytes                        = 1048576                                   {product} {ergonomic}
    uintx NonNMethodCodeHeapSize                   = 5830732                                {pd product} {ergonomic}
    uintx NonProfiledCodeHeapSize                  = 122913754                              {pd product} {ergonomic}
    uintx ProfiledCodeHeapSize                     = 122913754                              {pd product} {ergonomic}
    uintx ReservedCodeCacheSize                    = 251658240                              {pd product} {ergonomic}
     bool SegmentedCodeCache                       = true                                      {product} {ergonomic}
     bool UseCompressedClassPointers               = true                                 {lp64_product} {ergonomic}
     bool UseCompressedOops                        = true                                 {lp64_product} {ergonomic}
     bool UseG1GC                                  = true                                      {product} {ergonomic}
     bool UseLargePagesIndividualAllocation        = false                                  {pd product} {ergonomic}

Logging:
Log output configuration:
 #0: stdout all=warning uptime,level,tags
 #1: stderr all=off uptime,level,tags

Environment Variables:
PATH=C:\Program Files\Common Files\Oracle\Java\javapath;C:\Program Files (x86)\Common Files\Oracle\Java\javapath;C:\Windows\system32;C:\Windows;C:\Windows\System32\Wbem;C:\Windows\System32\WindowsPowerShell\v1.0\;C:\Windows\System32\OpenSSH\;C:\Program Files (x86)\Intel\Intel(R) Management Engine Components\DAL;C:\Program Files\Intel\Intel(R) Management Engine Components\DAL;C:\Program Files\Git\cmd;C:\Users\Admin\AppData\Local\Microsoft\WindowsApps;C:\Users\Admin\AppData\Local\Programs\Microsoft VS Code\bin;C:\Users\Admin\AppData\Local\atom\bin;C:\Users\Admin\AppData\Local\GitHubDesktop\bin
USERNAME=Admin
OS=Windows_NT
PROCESSOR_IDENTIFIER=Intel64 Family 6 Model 78 Stepping 3, GenuineIntel



---------------  S Y S T E M  ---------------

OS: Windows 10 , 64 bit Build 22000 (10.0.22000.434)
OS uptime: 0 days 4:45 hours

CPU:total 4 (initial active 4) (2 cores per cpu, 2 threads per core) family 6 model 78 stepping 3 microcode 0xd6, cmov, cx8, fxsr, mmx, sse, sse2, sse3, ssse3, sse4.1, sse4.2, popcnt, avx, avx2, aes, clmul, erms, rtm, 3dnowpref, lzcnt, ht, tsc, tscinvbit, bmi1, bmi2, adx, fma

Memory: 4k page, system-wide physical 8072M (1189M free)
TotalPageFile size 8072M (AvailPageFile size 5M)
current process WorkingSet (physical memory assigned to process): 452M, peak: 453M
current process commit charge ("private bytes"): 483M, peak: 484M

vm_info: OpenJDK 64-Bit Server VM (11.0.12+7-b1504.28-7817840) for windows-amd64 JRE (11.0.12+7-b1504.28-7817840), built on Oct 13 2021 22:12:33 by "builder" with MS VC++ 14.0 (VS2015)

END.
