#
# There is insufficient memory for the Java Runtime Environment to continue.
# Native memory allocation (malloc) failed to allocate 131088 bytes for Chunk::new
# Possible reasons:
#   The system is out of physical RAM or swap space
#   The process is running with CompressedOops enabled, and the Java Heap may be blocking the growth of the native heap
# Possible solutions:
#   Reduce memory load on the system
#   Increase physical memory or swap space
#   Check if swap backing store is full
#   Decrease Java heap size (-Xmx/-Xms)
#   Decrease number of Java threads
#   Decrease Java thread stack sizes (-Xss)
#   Set larger code cache with -XX:ReservedCodeCacheSize=
#   JVM is running with Unscaled Compressed Oops mode in which the Java heap is
#     placed in the first 4GB address space. The Java Heap base address is the
#     maximum limit for the native heap growth. Please use -XX:HeapBaseMinAddress
#     to set the Java Heap base and to place the Java Heap above 4GB virtual address.
# This output file may be truncated or incomplete.
#
#  Out of Memory Error (./src/hotspot/share/memory/arena.cpp:197), pid=12340, tid=3692
#
# JRE version: OpenJDK Runtime Environment (11.0.12+7) (build 11.0.12+7-b1504.28-7817840)
# Java VM: OpenJDK 64-Bit Server VM (11.0.12+7-b1504.28-7817840, mixed mode, tiered, compressed oops, g1 gc, windows-amd64)
# No core dump will be written. Minidumps are not enabled by default on client versions of Windows
#

---------------  S U M M A R Y ------------

Command Line: --add-opens=java.base/java.util=ALL-UNNAMED --add-opens=java.base/java.lang=ALL-UNNAMED --add-opens=java.base/java.lang.invoke=ALL-UNNAMED --add-opens=java.base/java.util=ALL-UNNAMED --add-opens=java.prefs/java.util.prefs=ALL-UNNAMED --add-opens=java.prefs/java.util.prefs=ALL-UNNAMED --add-opens=java.base/java.nio.charset=ALL-UNNAMED --add-opens=java.base/java.net=ALL-UNNAMED --add-opens=java.base/java.util.concurrent.atomic=ALL-UNNAMED -Xmx2048m -Dfile.encoding=UTF-8 -Duser.country=US -Duser.language=en -Duser.variant org.gradle.launcher.daemon.bootstrap.GradleDaemon 7.3.3

Host: Intel(R) Core(TM) i7-6600U CPU @ 2.60GHz, 4 cores, 7G,  Windows 10 , 64 bit Build 22000 (10.0.22000.434)
Time: Mon Aug 22 07:06:18 2022 Egypt Standard Time elapsed time: 33.591305 seconds (0d 0h 0m 33s)

---------------  T H R E A D  ---------------

Current thread (0x00000178eb46d000):  JavaThread "C2 CompilerThread1" daemon [_thread_in_native, id=3692, stack(0x00000020ed900000,0x00000020eda00000)]


Current CompileTask:
C2:  33591 11344       4       com.android.ide.common.symbols.SymbolIo$ReadConfiguration$3::parseLine (5 bytes)

Stack: [0x00000020ed900000,0x00000020eda00000]
Native frames: (J=compiled Java code, j=interpreted, Vv=VM code, C=native code)
V  [jvm.dll+0x5fbcea]
V  [jvm.dll+0x731905]
V  [jvm.dll+0x732f1d]
V  [jvm.dll+0x7335d3]
V  [jvm.dll+0x247bf8]
V  [jvm.dll+0xc018c]
V  [jvm.dll+0xc06cc]
V  [jvm.dll+0xc02cc]
V  [jvm.dll+0x6282e0]
V  [jvm.dll+0x629b20]
V  [jvm.dll+0x2d7153]
V  [jvm.dll+0x5c327b]
V  [jvm.dll+0x109ebc]
V  [jvm.dll+0x339409]
V  [jvm.dll+0x61d14c]
V  [jvm.dll+0x61c337]
V  [jvm.dll+0x61730c]
V  [jvm.dll+0x610dea]
V  [jvm.dll+0x610453]
V  [jvm.dll+0x60e4a2]
V  [jvm.dll+0x18addc]
V  [jvm.dll+0x2bbcef]
V  [jvm.dll+0x619065]
V  [jvm.dll+0x610dea]
V  [jvm.dll+0x610453]
V  [jvm.dll+0x60e4a2]
V  [jvm.dll+0x18addc]
V  [jvm.dll+0x2bbcef]
V  [jvm.dll+0x619065]
V  [jvm.dll+0x610dea]
V  [jvm.dll+0x610453]
V  [jvm.dll+0x60e4a2]
V  [jvm.dll+0x18addc]
V  [jvm.dll+0x2bbcef]
V  [jvm.dll+0x619065]
V  [jvm.dll+0x610dea]
V  [jvm.dll+0x610453]
V  [jvm.dll+0x60e4a2]
V  [jvm.dll+0x18addc]
V  [jvm.dll+0x1ff4b5]
V  [jvm.dll+0x18868c]
V  [jvm.dll+0x20e0d7]
V  [jvm.dll+0x20c901]
V  [jvm.dll+0x6f9b7f]
V  [jvm.dll+0x6f26a5]
V  [jvm.dll+0x5fabf6]
C  [ucrtbase.dll+0x26c0c]
C  [KERNEL32.DLL+0x154e0]
C  [ntdll.dll+0x485b]


---------------  P R O C E S S  ---------------

Threads class SMR info:
_java_thread_list=0x00000178eea27900, length=92, elements={
0x00000178ce683800, 0x00000178e8270000, 0x00000178e8273000, 0x00000178e8c02800,
0x00000178e8290800, 0x00000178e8294000, 0x00000178e8295000, 0x00000178e82a1800,
0x00000178e82aa800, 0x00000178e8d37800, 0x00000178eacbc000, 0x00000178eacbe800,
0x00000178eaf92800, 0x00000178ea626800, 0x00000178e9e88800, 0x00000178e9e89800,
0x00000178eb52d800, 0x00000178eb52e800, 0x00000178eaab9800, 0x00000178ebc1b800,
0x00000178ebc18000, 0x00000178ebc1c800, 0x00000178ebc1a000, 0x00000178ebc1a800,
0x00000178ebc1d000, 0x00000178ebc1e000, 0x00000178ebc1f000, 0x00000178ebc19000,
0x00000178eb227000, 0x00000178eb22b000, 0x00000178eb225000, 0x00000178eb228800,
0x00000178eb22a000, 0x00000178eb22c000, 0x00000178eb226000, 0x00000178eb22d800,
0x00000178eb232800, 0x00000178eb22c800, 0x00000178eb22e000, 0x00000178eb234000,
0x00000178eb230000, 0x00000178eb22f000, 0x00000178eb230800, 0x00000178eb231800,
0x00000178eb233000, 0x00000178e914e800, 0x00000178e914c800, 0x00000178e914f800,
0x00000178e9151000, 0x00000178e9153000, 0x00000178e9152000, 0x00000178e914d000,
0x00000178e9150800, 0x00000178e9153800, 0x00000178e914e000, 0x00000178e9155800,
0x00000178e9154800, 0x00000178e915b000, 0x00000178e9156000, 0x00000178e9159800,
0x00000178e9157000, 0x00000178e9157800, 0x00000178e915a000, 0x00000178e9158800,
0x00000178ef72c800, 0x00000178ef731000, 0x00000178ef730800, 0x00000178ef72d000,
0x00000178ef72e000, 0x00000178ef72f000, 0x00000178ef72f800, 0x00000178ef72b800,
0x00000178ef737000, 0x00000178ef735800, 0x00000178ef732000, 0x00000178ef738000,
0x00000178ef736000, 0x00000178ef739800, 0x00000178ef733800, 0x00000178ef73a000,
0x00000178eb46c000, 0x00000178eb46e000, 0x00000178eb472800, 0x00000178eb46e800,
0x00000178eb46f800, 0x00000178eb471000, 0x00000178eb472000, 0x00000178eb476000,
0x00000178eb475000, 0x00000178eb479800, 0x00000178eb473800, 0x00000178eb46d000
}

Java Threads: ( => current thread )
  0x00000178ce683800 JavaThread "main" [_thread_blocked, id=15680, stack(0x00000020e7300000,0x00000020e7400000)]
  0x00000178e8270000 JavaThread "Reference Handler" daemon [_thread_blocked, id=12880, stack(0x00000020e7a00000,0x00000020e7b00000)]
  0x00000178e8273000 JavaThread "Finalizer" daemon [_thread_blocked, id=16312, stack(0x00000020e7b00000,0x00000020e7c00000)]
  0x00000178e8c02800 JavaThread "Signal Dispatcher" daemon [_thread_blocked, id=15260, stack(0x00000020e7c00000,0x00000020e7d00000)]
  0x00000178e8290800 JavaThread "Attach Listener" daemon [_thread_blocked, id=9596, stack(0x00000020e7d00000,0x00000020e7e00000)]
  0x00000178e8294000 JavaThread "Service Thread" daemon [_thread_blocked, id=13524, stack(0x00000020e7e00000,0x00000020e7f00000)]
  0x00000178e8295000 JavaThread "C2 CompilerThread0" daemon [_thread_in_native, id=13632, stack(0x00000020e7f00000,0x00000020e8000000)]
  0x00000178e82a1800 JavaThread "C1 CompilerThread0" daemon [_thread_blocked, id=12320, stack(0x00000020e8000000,0x00000020e8100000)]
  0x00000178e82aa800 JavaThread "Sweeper thread" daemon [_thread_blocked, id=13160, stack(0x00000020e8100000,0x00000020e8200000)]
  0x00000178e8d37800 JavaThread "Common-Cleaner" daemon [_thread_blocked, id=10860, stack(0x00000020e8200000,0x00000020e8300000)]
  0x00000178eacbc000 JavaThread "Daemon health stats" [_thread_blocked, id=7604, stack(0x00000020e8700000,0x00000020e8800000)]
  0x00000178eacbe800 JavaThread "Incoming local TCP Connector on port 53881" [_thread_in_native, id=6600, stack(0x00000020e8400000,0x00000020e8500000)]
  0x00000178eaf92800 JavaThread "Daemon periodic checks" [_thread_blocked, id=5988, stack(0x00000020e8800000,0x00000020e8900000)]
  0x00000178ea626800 JavaThread "Daemon" [_thread_blocked, id=10972, stack(0x00000020e8900000,0x00000020e8a00000)]
  0x00000178e9e88800 JavaThread "Handler for socket connection from /127.0.0.1:53881 to /127.0.0.1:53882" [_thread_in_native, id=11032, stack(0x00000020e8a00000,0x00000020e8b00000)]
  0x00000178e9e89800 JavaThread "Cancel handler" [_thread_blocked, id=15220, stack(0x00000020e8b00000,0x00000020e8c00000)]
  0x00000178eb52d800 JavaThread "Daemon worker" [_thread_blocked, id=15476, stack(0x00000020e8c00000,0x00000020e8d00000)]
  0x00000178eb52e800 JavaThread "Asynchronous log dispatcher for DefaultDaemonConnection: socket connection from /127.0.0.1:53881 to /127.0.0.1:53882" [_thread_blocked, id=6356, stack(0x00000020e8d00000,0x00000020e8e00000)]
  0x00000178eaab9800 JavaThread "Stdin handler" [_thread_blocked, id=9556, stack(0x00000020e8e00000,0x00000020e8f00000)]
  0x00000178ebc1b800 JavaThread "Daemon client event forwarder" [_thread_blocked, id=16284, stack(0x00000020e8f00000,0x00000020e9000000)]
  0x00000178ebc18000 JavaThread "Cache worker for journal cache (C:\Users\Admin\.gradle\caches\journal-1)" [_thread_blocked, id=15976, stack(0x00000020e9200000,0x00000020e9300000)]
  0x00000178ebc1c800 JavaThread "File lock request listener" [_thread_in_native, id=10356, stack(0x00000020e9300000,0x00000020e9400000)]
  0x00000178ebc1a000 JavaThread "Cache worker for file hash cache (C:\Users\Admin\.gradle\caches\7.3.3\fileHashes)" [_thread_blocked, id=2600, stack(0x00000020e9400000,0x00000020e9500000)]
  0x00000178ebc1a800 JavaThread "Cache worker for file hash cache (C:\Users\Admin\Desktop\jana\hw33\.gradle\7.3.3\fileHashes)" [_thread_blocked, id=15928, stack(0x00000020e9500000,0x00000020e9600000)]
  0x00000178ebc1d000 JavaThread "File watcher server" daemon [_thread_in_native, id=15668, stack(0x00000020e9600000,0x00000020e9700000)]
  0x00000178ebc1e000 JavaThread "File watcher consumer" daemon [_thread_blocked, id=15448, stack(0x00000020e9700000,0x00000020e9800000)]
  0x00000178ebc1f000 JavaThread "Cache worker for checksums cache (C:\Users\Admin\Desktop\jana\hw33\.gradle\7.3.3\checksums)" [_thread_blocked, id=14804, stack(0x00000020e9800000,0x00000020e9900000)]
  0x00000178ebc19000 JavaThread "Cache worker for cache directory md-supplier (C:\Users\Admin\.gradle\caches\7.3.3\md-supplier)" [_thread_blocked, id=14544, stack(0x00000020e9900000,0x00000020e9a00000)]
  0x00000178eb227000 JavaThread "Cache worker for cache directory md-rule (C:\Users\Admin\.gradle\caches\7.3.3\md-rule)" [_thread_blocked, id=15704, stack(0x00000020e9a00000,0x00000020e9b00000)]
  0x00000178eb22b000 JavaThread "Cache worker for execution history cache (C:\Users\Admin\.gradle\caches\7.3.3\executionHistory)" [_thread_blocked, id=15340, stack(0x00000020e9b00000,0x00000020e9c00000)]
  0x00000178eb225000 JavaThread "jar transforms" [_thread_blocked, id=15176, stack(0x00000020e9c00000,0x00000020e9d00000)]
  0x00000178eb228800 JavaThread "Cache worker for file content cache (C:\Users\Admin\.gradle\caches\7.3.3\fileContent)" [_thread_blocked, id=15376, stack(0x00000020e9d00000,0x00000020e9e00000)]
  0x00000178eb22a000 JavaThread "jar transforms Thread 2" [_thread_blocked, id=16132, stack(0x00000020e9e00000,0x00000020e9f00000)]
  0x00000178eb22c000 JavaThread "Cache worker for dependencies-accessors (C:\Users\Admin\Desktop\jana\hw33\.gradle\7.3.3\dependencies-accessors)" [_thread_blocked, id=7300, stack(0x00000020e9f00000,0x00000020ea000000)]
  0x00000178eb226000 JavaThread "jar transforms Thread 3" [_thread_blocked, id=15752, stack(0x00000020ea000000,0x00000020ea100000)]
  0x00000178eb22d800 JavaThread "Cache worker for Build Output Cleanup Cache (C:\Users\Admin\Desktop\jana\hw33\.gradle\buildOutputCleanup)" [_thread_blocked, id=7748, stack(0x00000020ea100000,0x00000020ea200000)]
  0x00000178eb232800 JavaThread "Unconstrained build operations" [_thread_blocked, id=3376, stack(0x00000020ea200000,0x00000020ea300000)]
  0x00000178eb22c800 JavaThread "Unconstrained build operations Thread 2" [_thread_blocked, id=15672, stack(0x00000020ea300000,0x00000020ea400000)]
  0x00000178eb22e000 JavaThread "Unconstrained build operations Thread 3" [_thread_blocked, id=16264, stack(0x00000020ea400000,0x00000020ea500000)]
  0x00000178eb234000 JavaThread "Unconstrained build operations Thread 4" [_thread_blocked, id=15380, stack(0x00000020ea500000,0x00000020ea600000)]
  0x00000178eb230000 JavaThread "Unconstrained build operations Thread 5" [_thread_blocked, id=13988, stack(0x00000020ea600000,0x00000020ea700000)]
  0x00000178eb22f000 JavaThread "Unconstrained build operations Thread 6" [_thread_blocked, id=10700, stack(0x00000020ea700000,0x00000020ea800000)]
  0x00000178eb230800 JavaThread "Unconstrained build operations Thread 7" [_thread_blocked, id=4412, stack(0x00000020ea800000,0x00000020ea900000)]
  0x00000178eb231800 JavaThread "Unconstrained build operations Thread 8" [_thread_blocked, id=1556, stack(0x00000020ea900000,0x00000020eaa00000)]
  0x00000178eb233000 JavaThread "Unconstrained build operations Thread 9" [_thread_blocked, id=10740, stack(0x00000020eaa00000,0x00000020eab00000)]
  0x00000178e914e800 JavaThread "Unconstrained build operations Thread 10" [_thread_blocked, id=2684, stack(0x00000020eab00000,0x00000020eac00000)]
  0x00000178e914c800 JavaThread "Unconstrained build operations Thread 11" [_thread_blocked, id=15008, stack(0x00000020eac00000,0x00000020ead00000)]
  0x00000178e914f800 JavaThread "Unconstrained build operations Thread 12" [_thread_blocked, id=16032, stack(0x00000020ead00000,0x00000020eae00000)]
  0x00000178e9151000 JavaThread "Unconstrained build operations Thread 13" [_thread_blocked, id=15936, stack(0x00000020eae00000,0x00000020eaf00000)]
  0x00000178e9153000 JavaThread "Unconstrained build operations Thread 14" [_thread_blocked, id=14560, stack(0x00000020eaf00000,0x00000020eb000000)]
  0x00000178e9152000 JavaThread "Unconstrained build operations Thread 15" [_thread_blocked, id=15688, stack(0x00000020eb000000,0x00000020eb100000)]
  0x00000178e914d000 JavaThread "Unconstrained build operations Thread 16" [_thread_blocked, id=10644, stack(0x00000020eb100000,0x00000020eb200000)]
  0x00000178e9150800 JavaThread "Unconstrained build operations Thread 17" [_thread_blocked, id=10996, stack(0x00000020eb200000,0x00000020eb300000)]
  0x00000178e9153800 JavaThread "Unconstrained build operations Thread 18" [_thread_blocked, id=9444, stack(0x00000020eb300000,0x00000020eb400000)]
  0x00000178e914e000 JavaThread "Unconstrained build operations Thread 19" [_thread_blocked, id=10992, stack(0x00000020eb400000,0x00000020eb500000)]
  0x00000178e9155800 JavaThread "Unconstrained build operations Thread 20" [_thread_blocked, id=15648, stack(0x00000020eb500000,0x00000020eb600000)]
  0x00000178e9154800 JavaThread "Unconstrained build operations Thread 21" [_thread_blocked, id=14312, stack(0x00000020eb600000,0x00000020eb700000)]
  0x00000178e915b000 JavaThread "Unconstrained build operations Thread 22" [_thread_blocked, id=11552, stack(0x00000020eb700000,0x00000020eb800000)]
  0x00000178e9156000 JavaThread "Unconstrained build operations Thread 23" [_thread_blocked, id=14368, stack(0x00000020eb800000,0x00000020eb900000)]
  0x00000178e9159800 JavaThread "Unconstrained build operations Thread 24" [_thread_blocked, id=10420, stack(0x00000020eb900000,0x00000020eba00000)]
  0x00000178e9157000 JavaThread "Unconstrained build operations Thread 25" [_thread_blocked, id=15780, stack(0x00000020eba00000,0x00000020ebb00000)]
  0x00000178e9157800 JavaThread "Unconstrained build operations Thread 26" [_thread_blocked, id=15736, stack(0x00000020ebb00000,0x00000020ebc00000)]
  0x00000178e915a000 JavaThread "Unconstrained build operations Thread 27" [_thread_blocked, id=15336, stack(0x00000020ebc00000,0x00000020ebd00000)]
  0x00000178e9158800 JavaThread "Unconstrained build operations Thread 28" [_thread_blocked, id=11376, stack(0x00000020ebd00000,0x00000020ebe00000)]
  0x00000178ef72c800 JavaThread "Unconstrained build operations Thread 29" [_thread_blocked, id=15452, stack(0x00000020ebe00000,0x00000020ebf00000)]
  0x00000178ef731000 JavaThread "Unconstrained build operations Thread 30" [_thread_blocked, id=11704, stack(0x00000020ebf00000,0x00000020ec000000)]
  0x00000178ef730800 JavaThread "Unconstrained build operations Thread 31" [_thread_blocked, id=14824, stack(0x00000020ec000000,0x00000020ec100000)]
  0x00000178ef72d000 JavaThread "Unconstrained build operations Thread 32" [_thread_blocked, id=3244, stack(0x00000020ec100000,0x00000020ec200000)]
  0x00000178ef72e000 JavaThread "Unconstrained build operations Thread 33" [_thread_blocked, id=8564, stack(0x00000020ec200000,0x00000020ec300000)]
  0x00000178ef72f000 JavaThread "Unconstrained build operations Thread 34" [_thread_blocked, id=15692, stack(0x00000020ec300000,0x00000020ec400000)]
  0x00000178ef72f800 JavaThread "Unconstrained build operations Thread 35" [_thread_blocked, id=15980, stack(0x00000020ec400000,0x00000020ec500000)]
  0x00000178ef72b800 JavaThread "Unconstrained build operations Thread 36" [_thread_blocked, id=16240, stack(0x00000020ec500000,0x00000020ec600000)]
  0x00000178ef737000 JavaThread "Unconstrained build operations Thread 37" [_thread_blocked, id=15256, stack(0x00000020ec600000,0x00000020ec700000)]
  0x00000178ef735800 JavaThread "Unconstrained build operations Thread 38" [_thread_blocked, id=6264, stack(0x00000020ec700000,0x00000020ec800000)]
  0x00000178ef732000 JavaThread "Unconstrained build operations Thread 39" [_thread_blocked, id=348, stack(0x00000020ec800000,0x00000020ec900000)]
  0x00000178ef738000 JavaThread "Unconstrained build operations Thread 40" [_thread_blocked, id=9816, stack(0x00000020ec900000,0x00000020eca00000)]
  0x00000178ef736000 JavaThread "jar transforms Thread 4" [_thread_blocked, id=14744, stack(0x00000020eca00000,0x00000020ecb00000)]
  0x00000178ef739800 JavaThread "Memory manager" [_thread_blocked, id=15732, stack(0x00000020ecb00000,0x00000020ecc00000)]
  0x00000178ef733800 JavaThread "build event listener" [_thread_blocked, id=14440, stack(0x00000020ecc00000,0x00000020ecd00000)]
  0x00000178ef73a000 JavaThread "pool-3-thread-1" [_thread_blocked, id=16344, stack(0x00000020ecd00000,0x00000020ece00000)]
  0x00000178eb46c000 JavaThread "build event listener" [_thread_blocked, id=15392, stack(0x00000020ece00000,0x00000020ecf00000)]
  0x00000178eb46e000 JavaThread "Execution worker for ':'" [_thread_blocked, id=15972, stack(0x00000020ecf00000,0x00000020ed000000)]
  0x00000178eb472800 JavaThread "Execution worker for ':' Thread 2" [_thread_blocked, id=14300, stack(0x00000020ed000000,0x00000020ed100000)]
  0x00000178eb46e800 JavaThread "Execution worker for ':' Thread 3" [_thread_blocked, id=14352, stack(0x00000020ed100000,0x00000020ed200000)]
  0x00000178eb46f800 JavaThread "Cache worker for execution history cache (C:\Users\Admin\Desktop\jana\hw33\.gradle\7.3.3\executionHistory)" [_thread_blocked, id=10944, stack(0x00000020ed200000,0x00000020ed300000)]
  0x00000178eb471000 JavaThread "WorkerExecutor Queue" [_thread_blocked, id=2880, stack(0x00000020ed300000,0x00000020ed400000)]
  0x00000178eb472000 JavaThread "WorkerExecutor Queue Thread 2" [_thread_in_native, id=16088, stack(0x00000020e9100000,0x00000020e9200000)]
  0x00000178eb476000 JavaThread "WorkerExecutor Queue Thread 3" [_thread_blocked, id=7468, stack(0x00000020ed500000,0x00000020ed600000)]
  0x00000178eb475000 JavaThread "pool-4-thread-1" [_thread_blocked, id=5532, stack(0x00000020ed600000,0x00000020ed700000)]
  0x00000178eb479800 JavaThread "stderr" [_thread_in_native, id=14216, stack(0x00000020ed700000,0x00000020ed800000)]
  0x00000178eb473800 JavaThread "stdout" [_thread_in_native, id=5196, stack(0x00000020ed800000,0x00000020ed900000)]
=>0x00000178eb46d000 JavaThread "C2 CompilerThread1" daemon [_thread_in_native, id=3692, stack(0x00000020ed900000,0x00000020eda00000)]

Other Threads:
  0x00000178e826a000 VMThread "VM Thread" [stack: 0x00000020e7900000,0x00000020e7a00000] [id=13944]
  0x00000178e8dac000 WatcherThread [stack: 0x00000020e8300000,0x00000020e8400000] [id=16276]
  0x00000178cc56d800 GCTaskThread "GC Thread#0" [stack: 0x00000020e7400000,0x00000020e7500000] [id=13220]
  0x00000178e92dc800 GCTaskThread "GC Thread#1" [stack: 0x00000020e8500000,0x00000020e8600000] [id=15468]
  0x00000178e9487000 GCTaskThread "GC Thread#2" [stack: 0x00000020e8600000,0x00000020e8700000] [id=15744]
  0x00000178e93d7800 GCTaskThread "GC Thread#3" [stack: 0x00000020e9000000,0x00000020e9100000] [id=13864]
  0x00000178ce6c9800 ConcurrentGCThread "G1 Main Marker" [stack: 0x00000020e7500000,0x00000020e7600000] [id=16064]
  0x00000178ce6cb000 ConcurrentGCThread "G1 Conc#0" [stack: 0x00000020e7600000,0x00000020e7700000] [id=12604]
  0x00000178ce75a800 ConcurrentGCThread "G1 Refine#0" [stack: 0x00000020e7700000,0x00000020e7800000] [id=14648]
  0x00000178ce75b800 ConcurrentGCThread "G1 Young RemSet Sampling" [stack: 0x00000020e7800000,0x00000020e7900000] [id=15864]

Threads with active compile tasks:
C2 CompilerThread0  33636 11343       4       com.android.ide.common.symbols.SymbolIo::readSymbolListWithPackageLine (225 bytes)
C2 CompilerThread1  33636 11344       4       com.android.ide.common.symbols.SymbolIo$ReadConfiguration$3::parseLine (5 bytes)

VM state:not at safepoint (normal execution)

VM Mutex/Monitor currently owned by a thread: None

Heap address: 0x0000000080000000, size: 2048 MB, Compressed Oops mode: 32-bit
Narrow klass base: 0x0000000000000000, Narrow klass shift: 3
Compressed class space size: 1073741824 Address: 0x0000000100000000

Heap:
 garbage-first heap   total 227328K, used 148480K [0x0000000080000000, 0x0000000100000000)
  region size 1024K, 59 young (60416K), 5 survivors (5120K)
 Metaspace       used 94410K, capacity 96622K, committed 96888K, reserved 1132544K
  class space    used 12050K, capacity 12888K, committed 12920K, reserved 1048576K
Heap Regions: E=young(eden), S=young(survivor), O=old, HS=humongous(starts), HC=humongous(continues), CS=collection set, F=free, A=archive, TAMS=top-at-mark-start (previous, next)
|   0|0x0000000080000000, 0x0000000080100000, 0x0000000080100000|100%| O|  |TAMS 0x0000000080100000, 0x0000000080000000| Untracked 
|   1|0x0000000080100000, 0x0000000080200000, 0x0000000080200000|100%| O|  |TAMS 0x0000000080200000, 0x0000000080100000| Untracked 
|   2|0x0000000080200000, 0x0000000080300000, 0x0000000080300000|100%| O|  |TAMS 0x0000000080300000, 0x0000000080200000| Untracked 
|   3|0x0000000080300000, 0x0000000080400000, 0x0000000080400000|100%|HS|  |TAMS 0x0000000080400000, 0x0000000080300000| Complete 
|   4|0x0000000080400000, 0x0000000080500000, 0x0000000080500000|100%|HC|  |TAMS 0x0000000080500000, 0x0000000080400000| Complete 
|   5|0x0000000080500000, 0x0000000080600000, 0x0000000080600000|100%|HC|  |TAMS 0x0000000080600000, 0x0000000080500000| Complete 
|   6|0x0000000080600000, 0x0000000080700000, 0x0000000080700000|100%| O|  |TAMS 0x0000000080700000, 0x0000000080600000| Untracked 
|   7|0x0000000080700000, 0x0000000080800000, 0x0000000080800000|100%| O|  |TAMS 0x0000000080800000, 0x0000000080700000| Untracked 
|   8|0x0000000080800000, 0x0000000080900000, 0x0000000080900000|100%| O|  |TAMS 0x0000000080900000, 0x0000000080800000| Untracked 
|   9|0x0000000080900000, 0x0000000080a00000, 0x0000000080a00000|100%| O|  |TAMS 0x0000000080a00000, 0x0000000080900000| Untracked 
|  10|0x0000000080a00000, 0x0000000080b00000, 0x0000000080b00000|100%| O|  |TAMS 0x0000000080b00000, 0x0000000080a00000| Untracked 
|  11|0x0000000080b00000, 0x0000000080c00000, 0x0000000080c00000|100%| O|  |TAMS 0x0000000080c00000, 0x0000000080b00000| Untracked 
|  12|0x0000000080c00000, 0x0000000080d00000, 0x0000000080d00000|100%| O|  |TAMS 0x0000000080d00000, 0x0000000080c00000| Untracked 
|  13|0x0000000080d00000, 0x0000000080e00000, 0x0000000080e00000|100%| O|  |TAMS 0x0000000080e00000, 0x0000000080d00000| Untracked 
|  14|0x0000000080e00000, 0x0000000080f00000, 0x0000000080f00000|100%| O|  |TAMS 0x0000000080f00000, 0x0000000080e00000| Untracked 
|  15|0x0000000080f00000, 0x0000000081000000, 0x0000000081000000|100%| O|  |TAMS 0x0000000081000000, 0x0000000080f00000| Untracked 
|  16|0x0000000081000000, 0x0000000081100000, 0x0000000081100000|100%| O|  |TAMS 0x0000000081100000, 0x0000000081000000| Untracked 
|  17|0x0000000081100000, 0x0000000081200000, 0x0000000081200000|100%|HS|  |TAMS 0x0000000081200000, 0x0000000081100000| Complete 
|  18|0x0000000081200000, 0x0000000081300000, 0x0000000081300000|100%| O|  |TAMS 0x0000000081300000, 0x0000000081200000| Untracked 
|  19|0x0000000081300000, 0x0000000081400000, 0x0000000081400000|100%| O|  |TAMS 0x0000000081400000, 0x0000000081300000| Untracked 
|  20|0x0000000081400000, 0x0000000081500000, 0x0000000081500000|100%| O|  |TAMS 0x0000000081500000, 0x0000000081400000| Untracked 
|  21|0x0000000081500000, 0x0000000081600000, 0x0000000081600000|100%| O|  |TAMS 0x0000000081600000, 0x0000000081500000| Untracked 
|  22|0x0000000081600000, 0x0000000081700000, 0x0000000081700000|100%| O|  |TAMS 0x0000000081700000, 0x0000000081600000| Untracked 
|  23|0x0000000081700000, 0x0000000081800000, 0x0000000081800000|100%| O|  |TAMS 0x0000000081800000, 0x0000000081700000| Untracked 
|  24|0x0000000081800000, 0x0000000081900000, 0x0000000081900000|100%| O|  |TAMS 0x0000000081900000, 0x0000000081800000| Untracked 
|  25|0x0000000081900000, 0x0000000081a00000, 0x0000000081a00000|100%| O|  |TAMS 0x0000000081a00000, 0x0000000081900000| Untracked 
|  26|0x0000000081a00000, 0x0000000081b00000, 0x0000000081b00000|100%| O|  |TAMS 0x0000000081b00000, 0x0000000081a00000| Untracked 
|  27|0x0000000081b00000, 0x0000000081c00000, 0x0000000081c00000|100%| O|  |TAMS 0x0000000081c00000, 0x0000000081b00000| Untracked 
|  28|0x0000000081c00000, 0x0000000081d00000, 0x0000000081d00000|100%|HS|  |TAMS 0x0000000081d00000, 0x0000000081c00000| Complete 
|  29|0x0000000081d00000, 0x0000000081e00000, 0x0000000081e00000|100%|HS|  |TAMS 0x0000000081e00000, 0x0000000081d00000| Complete 
|  30|0x0000000081e00000, 0x0000000081f00000, 0x0000000081f00000|100%|HC|  |TAMS 0x0000000081f00000, 0x0000000081e00000| Complete 
|  31|0x0000000081f00000, 0x0000000082000000, 0x0000000082000000|100%| O|  |TAMS 0x0000000082000000, 0x0000000081f00000| Untracked 
|  32|0x0000000082000000, 0x0000000082100000, 0x0000000082100000|100%| O|  |TAMS 0x0000000082100000, 0x0000000082000000| Untracked 
|  33|0x0000000082100000, 0x0000000082200000, 0x0000000082200000|100%| O|  |TAMS 0x0000000082200000, 0x0000000082100000| Untracked 
|  34|0x0000000082200000, 0x0000000082300000, 0x0000000082300000|100%| O|  |TAMS 0x0000000082300000, 0x0000000082200000| Untracked 
|  35|0x0000000082300000, 0x0000000082400000, 0x0000000082400000|100%| O|  |TAMS 0x0000000082400000, 0x0000000082300000| Untracked 
|  36|0x0000000082400000, 0x0000000082500000, 0x0000000082500000|100%| O|  |TAMS 0x0000000082500000, 0x0000000082400000| Untracked 
|  37|0x0000000082500000, 0x0000000082600000, 0x0000000082600000|100%| O|  |TAMS 0x0000000082600000, 0x0000000082500000| Untracked 
|  38|0x0000000082600000, 0x0000000082700000, 0x0000000082700000|100%| O|  |TAMS 0x0000000082700000, 0x0000000082600000| Untracked 
|  39|0x0000000082700000, 0x0000000082800000, 0x0000000082800000|100%| O|  |TAMS 0x0000000082800000, 0x0000000082700000| Untracked 
|  40|0x0000000082800000, 0x0000000082900000, 0x0000000082900000|100%| O|  |TAMS 0x0000000082900000, 0x0000000082800000| Untracked 
|  41|0x0000000082900000, 0x0000000082a00000, 0x0000000082a00000|100%| O|  |TAMS 0x0000000082a00000, 0x0000000082900000| Untracked 
|  42|0x0000000082a00000, 0x0000000082b00000, 0x0000000082b00000|100%| O|  |TAMS 0x0000000082a00000, 0x0000000082a00000| Untracked 
|  43|0x0000000082b00000, 0x0000000082c00000, 0x0000000082c00000|100%| O|  |TAMS 0x0000000082b00000, 0x0000000082b00000| Untracked 
|  44|0x0000000082c00000, 0x0000000082d00000, 0x0000000082d00000|100%| O|  |TAMS 0x0000000082c00000, 0x0000000082c00000| Untracked 
|  45|0x0000000082d00000, 0x0000000082e00000, 0x0000000082e00000|100%| O|  |TAMS 0x0000000082d00000, 0x0000000082d00000| Untracked 
|  46|0x0000000082e00000, 0x0000000082f00000, 0x0000000082f00000|100%| O|  |TAMS 0x0000000082e00000, 0x0000000082e00000| Untracked 
|  47|0x0000000082f00000, 0x0000000083000000, 0x0000000083000000|100%| O|  |TAMS 0x0000000082f00000, 0x0000000082f00000| Untracked 
|  48|0x0000000083000000, 0x0000000083100000, 0x0000000083100000|100%| O|  |TAMS 0x0000000083000000, 0x0000000083000000| Untracked 
|  49|0x0000000083100000, 0x0000000083200000, 0x0000000083200000|100%| O|  |TAMS 0x0000000083100000, 0x0000000083100000| Untracked 
|  50|0x0000000083200000, 0x0000000083300000, 0x0000000083300000|100%|HS|  |TAMS 0x0000000083200000, 0x0000000083200000| Complete 
|  51|0x0000000083300000, 0x0000000083400000, 0x0000000083400000|100%|HC|  |TAMS 0x0000000083300000, 0x0000000083300000| Complete 
|  52|0x0000000083400000, 0x0000000083500000, 0x0000000083500000|100%| O|  |TAMS 0x0000000083400000, 0x0000000083400000| Untracked 
|  53|0x0000000083500000, 0x0000000083600000, 0x0000000083600000|100%| O|  |TAMS 0x0000000083500000, 0x0000000083500000| Untracked 
|  54|0x0000000083600000, 0x0000000083700000, 0x0000000083700000|100%| O|  |TAMS 0x0000000083600000, 0x0000000083600000| Untracked 
|  55|0x0000000083700000, 0x0000000083800000, 0x0000000083800000|100%| O|  |TAMS 0x0000000083700000, 0x0000000083700000| Untracked 
|  56|0x0000000083800000, 0x0000000083900000, 0x0000000083900000|100%| O|  |TAMS 0x0000000083800000, 0x0000000083800000| Untracked 
|  57|0x0000000083900000, 0x0000000083a00000, 0x0000000083a00000|100%| O|  |TAMS 0x0000000083900000, 0x0000000083900000| Untracked 
|  58|0x0000000083a00000, 0x0000000083b00000, 0x0000000083b00000|100%| O|  |TAMS 0x0000000083a00000, 0x0000000083a00000| Untracked 
|  59|0x0000000083b00000, 0x0000000083c00000, 0x0000000083c00000|100%| O|  |TAMS 0x0000000083b00000, 0x0000000083b00000| Untracked 
|  60|0x0000000083c00000, 0x0000000083d00000, 0x0000000083d00000|100%| O|  |TAMS 0x0000000083c00000, 0x0000000083c00000| Untracked 
|  61|0x0000000083d00000, 0x0000000083e00000, 0x0000000083e00000|100%| O|  |TAMS 0x0000000083d00000, 0x0000000083d00000| Untracked 
|  62|0x0000000083e00000, 0x0000000083f00000, 0x0000000083f00000|100%| O|  |TAMS 0x0000000083e00000, 0x0000000083e00000| Untracked 
|  63|0x0000000083f00000, 0x0000000084000000, 0x0000000084000000|100%| O|  |TAMS 0x0000000083f00000, 0x0000000083f00000| Untracked 
|  64|0x0000000084000000, 0x0000000084100000, 0x0000000084100000|100%| O|  |TAMS 0x0000000084000000, 0x0000000084000000| Untracked 
|  65|0x0000000084100000, 0x0000000084200000, 0x0000000084200000|100%| O|  |TAMS 0x0000000084100000, 0x0000000084100000| Untracked 
|  66|0x0000000084200000, 0x0000000084300000, 0x0000000084300000|100%| O|  |TAMS 0x0000000084200000, 0x0000000084200000| Untracked 
|  67|0x0000000084300000, 0x0000000084400000, 0x0000000084400000|100%| O|  |TAMS 0x0000000084300000, 0x0000000084300000| Untracked 
|  68|0x0000000084400000, 0x0000000084500000, 0x0000000084500000|100%| O|  |TAMS 0x0000000084400000, 0x0000000084400000| Untracked 
|  69|0x0000000084500000, 0x0000000084600000, 0x0000000084600000|100%| O|  |TAMS 0x0000000084500000, 0x0000000084500000| Untracked 
|  70|0x0000000084600000, 0x0000000084700000, 0x0000000084700000|100%| O|  |TAMS 0x0000000084600000, 0x0000000084600000| Untracked 
|  71|0x0000000084700000, 0x0000000084800000, 0x0000000084800000|100%| O|  |TAMS 0x0000000084700000, 0x0000000084700000| Untracked 
|  72|0x0000000084800000, 0x0000000084900000, 0x0000000084900000|100%| O|  |TAMS 0x0000000084800000, 0x0000000084800000| Untracked 
|  73|0x0000000084900000, 0x0000000084a00000, 0x0000000084a00000|100%| O|  |TAMS 0x0000000084900000, 0x0000000084900000| Untracked 
|  74|0x0000000084a00000, 0x0000000084b00000, 0x0000000084b00000|100%| O|  |TAMS 0x0000000084a00000, 0x0000000084a00000| Untracked 
|  75|0x0000000084b00000, 0x0000000084b00000, 0x0000000084c00000|  0%| F|  |TAMS 0x0000000084b00000, 0x0000000084b00000| Untracked 
|  76|0x0000000084c00000, 0x0000000084c00000, 0x0000000084d00000|  0%| F|  |TAMS 0x0000000084c00000, 0x0000000084c00000| Untracked 
|  77|0x0000000084d00000, 0x0000000084e00000, 0x0000000084e00000|100%| O|  |TAMS 0x0000000084d00000, 0x0000000084d00000| Untracked 
|  78|0x0000000084e00000, 0x0000000084f00000, 0x0000000084f00000|100%| O|  |TAMS 0x0000000084e00000, 0x0000000084e00000| Untracked 
|  79|0x0000000084f00000, 0x0000000085000000, 0x0000000085000000|100%| O|  |TAMS 0x0000000084f00000, 0x0000000084f00000| Untracked 
|  80|0x0000000085000000, 0x0000000085100000, 0x0000000085100000|100%| O|  |TAMS 0x0000000085000000, 0x0000000085000000| Untracked 
|  81|0x0000000085100000, 0x0000000085200000, 0x0000000085200000|100%| O|  |TAMS 0x0000000085100000, 0x0000000085100000| Untracked 
|  82|0x0000000085200000, 0x0000000085300000, 0x0000000085300000|100%| O|  |TAMS 0x0000000085200000, 0x0000000085200000| Untracked 
|  83|0x0000000085300000, 0x0000000085400000, 0x0000000085400000|100%| O|  |TAMS 0x0000000085300000, 0x0000000085300000| Untracked 
|  84|0x0000000085400000, 0x0000000085500000, 0x0000000085500000|100%| O|  |TAMS 0x0000000085400000, 0x0000000085400000| Untracked 
|  85|0x0000000085500000, 0x0000000085600000, 0x0000000085600000|100%| O|  |TAMS 0x0000000085500000, 0x0000000085500000| Untracked 
|  86|0x0000000085600000, 0x0000000085700000, 0x0000000085700000|100%| O|  |TAMS 0x0000000085600000, 0x0000000085600000| Untracked 
|  87|0x0000000085700000, 0x0000000085800000, 0x0000000085800000|100%| O|  |TAMS 0x0000000085700000, 0x0000000085700000| Untracked 
|  88|0x0000000085800000, 0x0000000085900000, 0x0000000085900000|100%| O|  |TAMS 0x0000000085800000, 0x0000000085800000| Untracked 
|  89|0x0000000085900000, 0x0000000085a00000, 0x0000000085a00000|100%| O|  |TAMS 0x0000000085900000, 0x0000000085900000| Untracked 
|  90|0x0000000085a00000, 0x0000000085a00000, 0x0000000085b00000|  0%| F|  |TAMS 0x0000000085a00000, 0x0000000085a00000| Untracked 
|  91|0x0000000085b00000, 0x0000000085b00000, 0x0000000085c00000|  0%| F|  |TAMS 0x0000000085b00000, 0x0000000085b00000| Untracked 
|  92|0x0000000085c00000, 0x0000000085c00000, 0x0000000085d00000|  0%| F|  |TAMS 0x0000000085c00000, 0x0000000085c00000| Untracked 
|  93|0x0000000085d00000, 0x0000000085d00000, 0x0000000085e00000|  0%| F|  |TAMS 0x0000000085d00000, 0x0000000085d00000| Untracked 
|  94|0x0000000085e00000, 0x0000000085e00000, 0x0000000085f00000|  0%| F|  |TAMS 0x0000000085e00000, 0x0000000085e00000| Untracked 
|  95|0x0000000085f00000, 0x0000000085f00000, 0x0000000086000000|  0%| F|  |TAMS 0x0000000085f00000, 0x0000000085f00000| Untracked 
|  96|0x0000000086000000, 0x0000000086000000, 0x0000000086100000|  0%| F|  |TAMS 0x0000000086000000, 0x0000000086000000| Untracked 
|  97|0x0000000086100000, 0x0000000086100000, 0x0000000086200000|  0%| F|  |TAMS 0x0000000086100000, 0x0000000086100000| Untracked 
|  98|0x0000000086200000, 0x0000000086200000, 0x0000000086300000|  0%| F|  |TAMS 0x0000000086200000, 0x0000000086200000| Untracked 
|  99|0x0000000086300000, 0x0000000086300000, 0x0000000086400000|  0%| F|  |TAMS 0x0000000086300000, 0x0000000086300000| Untracked 
| 100|0x0000000086400000, 0x0000000086400000, 0x0000000086500000|  0%| F|  |TAMS 0x0000000086400000, 0x0000000086400000| Untracked 
| 101|0x0000000086500000, 0x0000000086500000, 0x0000000086600000|  0%| F|  |TAMS 0x0000000086500000, 0x0000000086500000| Untracked 
| 102|0x0000000086600000, 0x0000000086600000, 0x0000000086700000|  0%| F|  |TAMS 0x0000000086600000, 0x0000000086600000| Untracked 
| 103|0x0000000086700000, 0x0000000086700000, 0x0000000086800000|  0%| F|  |TAMS 0x0000000086700000, 0x0000000086700000| Untracked 
| 104|0x0000000086800000, 0x0000000086800000, 0x0000000086900000|  0%| F|  |TAMS 0x0000000086800000, 0x0000000086800000| Untracked 
| 105|0x0000000086900000, 0x0000000086900000, 0x0000000086a00000|  0%| F|  |TAMS 0x0000000086900000, 0x0000000086900000| Untracked 
| 106|0x0000000086a00000, 0x0000000086a00000, 0x0000000086b00000|  0%| F|  |TAMS 0x0000000086a00000, 0x0000000086a00000| Untracked 
| 107|0x0000000086b00000, 0x0000000086b00000, 0x0000000086c00000|  0%| F|  |TAMS 0x0000000086b00000, 0x0000000086b00000| Untracked 
| 108|0x0000000086c00000, 0x0000000086c00000, 0x0000000086d00000|  0%| F|  |TAMS 0x0000000086c00000, 0x0000000086c00000| Untracked 
| 109|0x0000000086d00000, 0x0000000086d00000, 0x0000000086e00000|  0%| F|  |TAMS 0x0000000086d00000, 0x0000000086d00000| Untracked 
| 110|0x0000000086e00000, 0x0000000086e00000, 0x0000000086f00000|  0%| F|  |TAMS 0x0000000086e00000, 0x0000000086e00000| Untracked 
| 111|0x0000000086f00000, 0x0000000086f00000, 0x0000000087000000|  0%| F|  |TAMS 0x0000000086f00000, 0x0000000086f00000| Untracked 
| 112|0x0000000087000000, 0x0000000087000000, 0x0000000087100000|  0%| F|  |TAMS 0x0000000087000000, 0x0000000087000000| Untracked 
| 113|0x0000000087100000, 0x0000000087100000, 0x0000000087200000|  0%| F|  |TAMS 0x0000000087100000, 0x0000000087100000| Untracked 
| 114|0x0000000087200000, 0x0000000087200000, 0x0000000087300000|  0%| F|  |TAMS 0x0000000087200000, 0x0000000087200000| Untracked 
| 115|0x0000000087300000, 0x0000000087300000, 0x0000000087400000|  0%| F|  |TAMS 0x0000000087300000, 0x0000000087300000| Untracked 
| 116|0x0000000087400000, 0x0000000087400000, 0x0000000087500000|  0%| F|  |TAMS 0x0000000087400000, 0x0000000087400000| Untracked 
| 117|0x0000000087500000, 0x0000000087500000, 0x0000000087600000|  0%| F|  |TAMS 0x0000000087500000, 0x0000000087500000| Untracked 
| 118|0x0000000087600000, 0x0000000087600000, 0x0000000087700000|  0%| F|  |TAMS 0x0000000087600000, 0x0000000087600000| Untracked 
| 119|0x0000000087700000, 0x0000000087700000, 0x0000000087800000|  0%| F|  |TAMS 0x0000000087700000, 0x0000000087700000| Untracked 
| 120|0x0000000087800000, 0x0000000087800000, 0x0000000087900000|  0%| F|  |TAMS 0x0000000087800000, 0x0000000087800000| Untracked 
| 121|0x0000000087900000, 0x0000000087900000, 0x0000000087a00000|  0%| F|  |TAMS 0x0000000087900000, 0x0000000087900000| Untracked 
| 122|0x0000000087a00000, 0x0000000087a00000, 0x0000000087b00000|  0%| F|  |TAMS 0x0000000087a00000, 0x0000000087a00000| Untracked 
| 123|0x0000000087b00000, 0x0000000087b00000, 0x0000000087c00000|  0%| F|  |TAMS 0x0000000087b00000, 0x0000000087b00000| Untracked 
| 124|0x0000000087c00000, 0x0000000087c00000, 0x0000000087d00000|  0%| F|  |TAMS 0x0000000087c00000, 0x0000000087c00000| Untracked 
| 125|0x0000000087d00000, 0x0000000087d00000, 0x0000000087e00000|  0%| F|  |TAMS 0x0000000087d00000, 0x0000000087d00000| Untracked 
| 126|0x0000000087e00000, 0x0000000087e00000, 0x0000000087f00000|  0%| F|  |TAMS 0x0000000087e00000, 0x0000000087e00000| Untracked 
| 127|0x0000000087f00000, 0x0000000087f00000, 0x0000000088000000|  0%| F|  |TAMS 0x0000000087f00000, 0x0000000087f00000| Untracked 
| 128|0x0000000088000000, 0x0000000088000000, 0x0000000088100000|  0%| F|  |TAMS 0x0000000088000000, 0x0000000088000000| Untracked 
| 129|0x0000000088100000, 0x0000000088100000, 0x0000000088200000|  0%| F|  |TAMS 0x0000000088100000, 0x0000000088100000| Untracked 
| 130|0x0000000088200000, 0x0000000088200000, 0x0000000088300000|  0%| F|  |TAMS 0x0000000088200000, 0x0000000088200000| Untracked 
| 131|0x0000000088300000, 0x0000000088300000, 0x0000000088400000|  0%| F|  |TAMS 0x0000000088300000, 0x0000000088300000| Untracked 
| 132|0x0000000088400000, 0x0000000088400000, 0x0000000088500000|  0%| F|  |TAMS 0x0000000088400000, 0x0000000088400000| Untracked 
| 133|0x0000000088500000, 0x0000000088500000, 0x0000000088600000|  0%| F|  |TAMS 0x0000000088500000, 0x0000000088500000| Untracked 
| 134|0x0000000088600000, 0x0000000088600000, 0x0000000088700000|  0%| F|  |TAMS 0x0000000088600000, 0x0000000088600000| Untracked 
| 135|0x0000000088700000, 0x0000000088700000, 0x0000000088800000|  0%| F|  |TAMS 0x0000000088700000, 0x0000000088700000| Untracked 
| 136|0x0000000088800000, 0x0000000088800000, 0x0000000088900000|  0%| F|  |TAMS 0x0000000088800000, 0x0000000088800000| Untracked 
| 137|0x0000000088900000, 0x0000000088a00000, 0x0000000088a00000|100%| S|CS|TAMS 0x0000000088900000, 0x0000000088900000| Complete 
| 138|0x0000000088a00000, 0x0000000088b00000, 0x0000000088b00000|100%| S|CS|TAMS 0x0000000088a00000, 0x0000000088a00000| Complete 
| 139|0x0000000088b00000, 0x0000000088c00000, 0x0000000088c00000|100%| S|CS|TAMS 0x0000000088b00000, 0x0000000088b00000| Complete 
| 140|0x0000000088c00000, 0x0000000088d00000, 0x0000000088d00000|100%| S|CS|TAMS 0x0000000088c00000, 0x0000000088c00000| Complete 
| 141|0x0000000088d00000, 0x0000000088e00000, 0x0000000088e00000|100%| S|CS|TAMS 0x0000000088d00000, 0x0000000088d00000| Complete 
| 142|0x0000000088e00000, 0x0000000088e00000, 0x0000000088f00000|  0%| F|  |TAMS 0x0000000088e00000, 0x0000000088e00000| Untracked 
| 143|0x0000000088f00000, 0x0000000088f00000, 0x0000000089000000|  0%| F|  |TAMS 0x0000000088f00000, 0x0000000088f00000| Untracked 
| 144|0x0000000089000000, 0x0000000089000000, 0x0000000089100000|  0%| F|  |TAMS 0x0000000089000000, 0x0000000089000000| Untracked 
| 145|0x0000000089100000, 0x0000000089100000, 0x0000000089200000|  0%| F|  |TAMS 0x0000000089100000, 0x0000000089100000| Untracked 
| 146|0x0000000089200000, 0x0000000089200000, 0x0000000089300000|  0%| F|  |TAMS 0x0000000089200000, 0x0000000089200000| Untracked 
| 147|0x0000000089300000, 0x0000000089300000, 0x0000000089400000|  0%| F|  |TAMS 0x0000000089300000, 0x0000000089300000| Untracked 
| 148|0x0000000089400000, 0x0000000089400000, 0x0000000089500000|  0%| F|  |TAMS 0x0000000089400000, 0x0000000089400000| Untracked 
| 149|0x0000000089500000, 0x0000000089500000, 0x0000000089600000|  0%| F|  |TAMS 0x0000000089500000, 0x0000000089500000| Untracked 
| 150|0x0000000089600000, 0x0000000089600000, 0x0000000089700000|  0%| F|  |TAMS 0x0000000089600000, 0x0000000089600000| Untracked 
| 151|0x0000000089700000, 0x0000000089700000, 0x0000000089800000|  0%| F|  |TAMS 0x0000000089700000, 0x0000000089700000| Untracked 
| 152|0x0000000089800000, 0x0000000089800000, 0x0000000089900000|  0%| F|  |TAMS 0x0000000089800000, 0x0000000089800000| Untracked 
| 153|0x0000000089900000, 0x0000000089900000, 0x0000000089a00000|  0%| F|  |TAMS 0x0000000089900000, 0x0000000089900000| Untracked 
| 154|0x0000000089a00000, 0x0000000089a00000, 0x0000000089b00000|  0%| F|  |TAMS 0x0000000089a00000, 0x0000000089a00000| Untracked 
| 155|0x0000000089b00000, 0x0000000089b00000, 0x0000000089c00000|  0%| F|  |TAMS 0x0000000089b00000, 0x0000000089b00000| Untracked 
| 156|0x0000000089c00000, 0x0000000089c00000, 0x0000000089d00000|  0%| F|  |TAMS 0x0000000089c00000, 0x0000000089c00000| Untracked 
| 157|0x0000000089d00000, 0x0000000089d00000, 0x0000000089e00000|  0%| F|  |TAMS 0x0000000089d00000, 0x0000000089d00000| Untracked 
| 158|0x0000000089e00000, 0x0000000089e00000, 0x0000000089f00000|  0%| F|  |TAMS 0x0000000089e00000, 0x0000000089e00000| Untracked 
| 159|0x0000000089f00000, 0x0000000089f00000, 0x000000008a000000|  0%| F|  |TAMS 0x0000000089f00000, 0x0000000089f00000| Untracked 
| 160|0x000000008a000000, 0x000000008a000000, 0x000000008a100000|  0%| F|  |TAMS 0x000000008a000000, 0x000000008a000000| Untracked 
| 161|0x000000008a100000, 0x000000008a100000, 0x000000008a200000|  0%| F|  |TAMS 0x000000008a100000, 0x000000008a100000| Untracked 
| 162|0x000000008a200000, 0x000000008a200000, 0x000000008a300000|  0%| F|  |TAMS 0x000000008a200000, 0x000000008a200000| Untracked 
| 163|0x000000008a300000, 0x000000008a300000, 0x000000008a400000|  0%| F|  |TAMS 0x000000008a300000, 0x000000008a300000| Untracked 
| 164|0x000000008a400000, 0x000000008a400000, 0x000000008a500000|  0%| F|  |TAMS 0x000000008a400000, 0x000000008a400000| Untracked 
| 165|0x000000008a500000, 0x000000008a500000, 0x000000008a600000|  0%| F|  |TAMS 0x000000008a500000, 0x000000008a500000| Untracked 
| 166|0x000000008a600000, 0x000000008a600000, 0x000000008a700000|  0%| F|  |TAMS 0x000000008a600000, 0x000000008a600000| Untracked 
| 167|0x000000008a700000, 0x000000008a700000, 0x000000008a800000|  0%| F|  |TAMS 0x000000008a700000, 0x000000008a700000| Untracked 
| 168|0x000000008a800000, 0x000000008a900000, 0x000000008a900000|100%| E|  |TAMS 0x000000008a800000, 0x000000008a800000| Complete 
| 169|0x000000008a900000, 0x000000008aa00000, 0x000000008aa00000|100%| E|CS|TAMS 0x000000008a900000, 0x000000008a900000| Complete 
| 170|0x000000008aa00000, 0x000000008ab00000, 0x000000008ab00000|100%| E|CS|TAMS 0x000000008aa00000, 0x000000008aa00000| Complete 
| 171|0x000000008ab00000, 0x000000008ac00000, 0x000000008ac00000|100%| E|CS|TAMS 0x000000008ab00000, 0x000000008ab00000| Complete 
| 172|0x000000008ac00000, 0x000000008ad00000, 0x000000008ad00000|100%| E|CS|TAMS 0x000000008ac00000, 0x000000008ac00000| Complete 
| 173|0x000000008ad00000, 0x000000008ae00000, 0x000000008ae00000|100%| E|CS|TAMS 0x000000008ad00000, 0x000000008ad00000| Complete 
| 174|0x000000008ae00000, 0x000000008af00000, 0x000000008af00000|100%| E|CS|TAMS 0x000000008ae00000, 0x000000008ae00000| Complete 
| 175|0x000000008af00000, 0x000000008b000000, 0x000000008b000000|100%| E|CS|TAMS 0x000000008af00000, 0x000000008af00000| Complete 
| 176|0x000000008b000000, 0x000000008b100000, 0x000000008b100000|100%| E|CS|TAMS 0x000000008b000000, 0x000000008b000000| Complete 
| 177|0x000000008b100000, 0x000000008b200000, 0x000000008b200000|100%| E|CS|TAMS 0x000000008b100000, 0x000000008b100000| Complete 
| 178|0x000000008b200000, 0x000000008b300000, 0x000000008b300000|100%| E|CS|TAMS 0x000000008b200000, 0x000000008b200000| Complete 
| 179|0x000000008b300000, 0x000000008b400000, 0x000000008b400000|100%| E|CS|TAMS 0x000000008b300000, 0x000000008b300000| Complete 
| 180|0x000000008b400000, 0x000000008b500000, 0x000000008b500000|100%| E|CS|TAMS 0x000000008b400000, 0x000000008b400000| Complete 
| 181|0x000000008b500000, 0x000000008b600000, 0x000000008b600000|100%| E|CS|TAMS 0x000000008b500000, 0x000000008b500000| Complete 
| 182|0x000000008b600000, 0x000000008b700000, 0x000000008b700000|100%| E|CS|TAMS 0x000000008b600000, 0x000000008b600000| Complete 
| 183|0x000000008b700000, 0x000000008b800000, 0x000000008b800000|100%| E|CS|TAMS 0x000000008b700000, 0x000000008b700000| Complete 
| 184|0x000000008b800000, 0x000000008b900000, 0x000000008b900000|100%| E|CS|TAMS 0x000000008b800000, 0x000000008b800000| Complete 
| 185|0x000000008b900000, 0x000000008ba00000, 0x000000008ba00000|100%| E|CS|TAMS 0x000000008b900000, 0x000000008b900000| Complete 
| 186|0x000000008ba00000, 0x000000008bb00000, 0x000000008bb00000|100%| E|CS|TAMS 0x000000008ba00000, 0x000000008ba00000| Complete 
| 187|0x000000008bb00000, 0x000000008bc00000, 0x000000008bc00000|100%| E|CS|TAMS 0x000000008bb00000, 0x000000008bb00000| Complete 
| 188|0x000000008bc00000, 0x000000008bd00000, 0x000000008bd00000|100%| E|CS|TAMS 0x000000008bc00000, 0x000000008bc00000| Complete 
| 189|0x000000008bd00000, 0x000000008be00000, 0x000000008be00000|100%| E|CS|TAMS 0x000000008bd00000, 0x000000008bd00000| Complete 
| 190|0x000000008be00000, 0x000000008bf00000, 0x000000008bf00000|100%| E|CS|TAMS 0x000000008be00000, 0x000000008be00000| Complete 
| 191|0x000000008bf00000, 0x000000008c000000, 0x000000008c000000|100%| E|CS|TAMS 0x000000008bf00000, 0x000000008bf00000| Complete 
| 192|0x000000008c000000, 0x000000008c100000, 0x000000008c100000|100%| E|CS|TAMS 0x000000008c000000, 0x000000008c000000| Complete 
| 193|0x000000008c100000, 0x000000008c200000, 0x000000008c200000|100%| E|CS|TAMS 0x000000008c100000, 0x000000008c100000| Complete 
| 194|0x000000008c200000, 0x000000008c300000, 0x000000008c300000|100%| E|CS|TAMS 0x000000008c200000, 0x000000008c200000| Complete 
| 195|0x000000008c300000, 0x000000008c400000, 0x000000008c400000|100%| E|CS|TAMS 0x000000008c300000, 0x000000008c300000| Complete 
| 196|0x000000008c400000, 0x000000008c500000, 0x000000008c500000|100%| E|CS|TAMS 0x000000008c400000, 0x000000008c400000| Complete 
| 197|0x000000008c500000, 0x000000008c600000, 0x000000008c600000|100%| E|CS|TAMS 0x000000008c500000, 0x000000008c500000| Complete 
| 198|0x000000008c600000, 0x000000008c700000, 0x000000008c700000|100%| E|CS|TAMS 0x000000008c600000, 0x000000008c600000| Complete 
| 199|0x000000008c700000, 0x000000008c800000, 0x000000008c800000|100%| E|CS|TAMS 0x000000008c700000, 0x000000008c700000| Complete 
| 200|0x000000008c800000, 0x000000008c900000, 0x000000008c900000|100%| E|CS|TAMS 0x000000008c800000, 0x000000008c800000| Complete 
| 201|0x000000008c900000, 0x000000008ca00000, 0x000000008ca00000|100%| E|CS|TAMS 0x000000008c900000, 0x000000008c900000| Complete 
| 202|0x000000008ca00000, 0x000000008cb00000, 0x000000008cb00000|100%| E|CS|TAMS 0x000000008ca00000, 0x000000008ca00000| Complete 
| 203|0x000000008cb00000, 0x000000008cc00000, 0x000000008cc00000|100%| E|CS|TAMS 0x000000008cb00000, 0x000000008cb00000| Complete 
| 204|0x000000008cc00000, 0x000000008cd00000, 0x000000008cd00000|100%| E|CS|TAMS 0x000000008cc00000, 0x000000008cc00000| Complete 
| 205|0x000000008cd00000, 0x000000008ce00000, 0x000000008ce00000|100%| E|CS|TAMS 0x000000008cd00000, 0x000000008cd00000| Complete 
| 206|0x000000008ce00000, 0x000000008cf00000, 0x000000008cf00000|100%| E|CS|TAMS 0x000000008ce00000, 0x000000008ce00000| Complete 
| 207|0x000000008cf00000, 0x000000008d000000, 0x000000008d000000|100%| E|CS|TAMS 0x000000008cf00000, 0x000000008cf00000| Complete 
| 208|0x000000008d000000, 0x000000008d100000, 0x000000008d100000|100%| E|CS|TAMS 0x000000008d000000, 0x000000008d000000| Complete 
| 209|0x000000008d100000, 0x000000008d200000, 0x000000008d200000|100%| E|CS|TAMS 0x000000008d100000, 0x000000008d100000| Complete 
| 210|0x000000008d200000, 0x000000008d300000, 0x000000008d300000|100%| E|CS|TAMS 0x000000008d200000, 0x000000008d200000| Complete 
| 211|0x000000008d300000, 0x000000008d400000, 0x000000008d400000|100%| E|CS|TAMS 0x000000008d300000, 0x000000008d300000| Complete 
| 212|0x000000008d400000, 0x000000008d500000, 0x000000008d500000|100%| E|CS|TAMS 0x000000008d400000, 0x000000008d400000| Complete 
| 213|0x000000008d500000, 0x000000008d600000, 0x000000008d600000|100%| E|  |TAMS 0x000000008d500000, 0x000000008d500000| Complete 
| 214|0x000000008d600000, 0x000000008d700000, 0x000000008d700000|100%| E|CS|TAMS 0x000000008d600000, 0x000000008d600000| Complete 
| 215|0x000000008d700000, 0x000000008d800000, 0x000000008d800000|100%| E|CS|TAMS 0x000000008d700000, 0x000000008d700000| Complete 
| 216|0x000000008d800000, 0x000000008d900000, 0x000000008d900000|100%| E|CS|TAMS 0x000000008d800000, 0x000000008d800000| Complete 
| 217|0x000000008d900000, 0x000000008da00000, 0x000000008da00000|100%| E|CS|TAMS 0x000000008d900000, 0x000000008d900000| Complete 
| 218|0x000000008da00000, 0x000000008db00000, 0x000000008db00000|100%| E|CS|TAMS 0x000000008da00000, 0x000000008da00000| Complete 
| 219|0x000000008db00000, 0x000000008dc00000, 0x000000008dc00000|100%| E|CS|TAMS 0x000000008db00000, 0x000000008db00000| Complete 
| 220|0x000000008dc00000, 0x000000008dd00000, 0x000000008dd00000|100%| E|CS|TAMS 0x000000008dc00000, 0x000000008dc00000| Complete 
| 221|0x000000008dd00000, 0x000000008de00000, 0x000000008de00000|100%| E|CS|TAMS 0x000000008dd00000, 0x000000008dd00000| Complete 

Card table byte_map: [0x00000178e1590000,0x00000178e1990000] _byte_map_base: 0x00000178e1190000

Marking Bits (Prev, Next): (CMBitMap*) 0x00000178ce6c0da8, (CMBitMap*) 0x00000178ce6c0de0
 Prev Bits: [0x00000178e1d90000, 0x00000178e3d90000)
 Next Bits: [0x00000178e3d90000, 0x00000178e5d90000)

Polling page: 0x00000178cc680000

Metaspace:

Usage:
  Non-class:     81.77 MB capacity,    80.43 MB ( 98%) used,     1.09 MB (  1%) free+waste,   260.50 KB ( <1%) overhead. 
      Class:     12.59 MB capacity,    11.77 MB ( 93%) used,   722.13 KB (  6%) free+waste,   115.88 KB ( <1%) overhead. 
       Both:     94.36 MB capacity,    92.20 MB ( 98%) used,     1.79 MB (  2%) free+waste,   376.38 KB ( <1%) overhead. 

Virtual space:
  Non-class space:       82.00 MB reserved,      82.00 MB (100%) committed 
      Class space:        1.00 GB reserved,      12.62 MB (  1%) committed 
             Both:        1.08 GB reserved,      94.62 MB (  9%) committed 

Chunk freelists:
   Non-Class:  42.00 KB
       Class:  8.00 KB
        Both:  50.00 KB

MaxMetaspaceSize: 17179869184.00 GB
CompressedClassSpaceSize: 1.00 GB
Initial GC threshold: 20.80 MB
Current GC threshold: 111.03 MB
CDS: off

CodeHeap 'non-profiled nmethods': size=120064Kb used=7169Kb max_used=7169Kb free=112894Kb
 bounds [0x00000178d9c50000, 0x00000178da360000, 0x00000178e1190000]
CodeHeap 'profiled nmethods': size=120000Kb used=24995Kb max_used=24995Kb free=95004Kb
 bounds [0x00000178d2720000, 0x00000178d3f90000, 0x00000178d9c50000]
CodeHeap 'non-nmethods': size=5696Kb used=2392Kb max_used=2460Kb free=3303Kb
 bounds [0x00000178d2190000, 0x00000178d2410000, 0x00000178d2720000]
 total_blobs=12135 nmethods=11222 adapters=825
 compilation: enabled
              stopped_count=0, restarted_count=0
 full_count=0

Compilation events (20 events):
Event: 33.513 Thread 0x00000178e8295000 nmethod 11331 0x00000178da348c10 code [0x00000178da348de0, 0x00000178da349468]
Event: 33.513 Thread 0x00000178e8295000 11317       4       com.google.common.collect.ImmutableSet$RegularSetBuilderImpl::ensureTableCapacity (62 bytes)
Event: 33.514 Thread 0x00000178e8295000 nmethod 11317 0x00000178da349710 code [0x00000178da3498a0, 0x00000178da349918]
Event: 33.514 Thread 0x00000178e8295000 11338       4       com.google.common.collect.RegularImmutableTable::checkNoDuplicate (20 bytes)
Event: 33.514 Thread 0x00000178e8295000 nmethod 11338 0x00000178da349a10 code [0x00000178da349ba0, 0x00000178da349c18]
Event: 33.514 Thread 0x00000178e8295000 11306       4       com.google.common.collect.Interners$InternerImpl::intern (50 bytes)
Event: 33.529 Thread 0x00000178e82a1800 11339       1       com.google.common.cache.LocalCache$StrongEntry::getHash (5 bytes)
Event: 33.529 Thread 0x00000178e82a1800 nmethod 11339 0x00000178da349d10 code [0x00000178da349ec0, 0x00000178da349f78]
Event: 33.533 Thread 0x00000178e8295000 nmethod 11306 0x00000178da34a010 code [0x00000178da34a220, 0x00000178da34a8e8]
Event: 33.549 Thread 0x00000178e82a1800 11340       3       com.google.common.collect.Hashing::closedTableSize (37 bytes)
Event: 33.549 Thread 0x00000178e8295000 11341       4       com.google.common.collect.ImmutableMap::copyOf (58 bytes)
Event: 33.549 Thread 0x00000178e82a1800 nmethod 11340 0x00000178d3f86b10 code [0x00000178d3f86ce0, 0x00000178d3f86fe8]
Event: 33.554 Thread 0x00000178eb46d000 nmethod 11305 0x00000178da34b090 code [0x00000178da34b2e0, 0x00000178da34c348]
Event: 33.555 Thread 0x00000178eb46d000 11342       4       com.google.common.collect.ImmutableMap::copyOf (69 bytes)
Event: 33.569 Thread 0x00000178e82a1800 11346       1       com.google.common.cache.LocalCache$StrongEntry::getValueReference (5 bytes)
Event: 33.569 Thread 0x00000178e82a1800 nmethod 11346 0x00000178da34d010 code [0x00000178da34d1c0, 0x00000178da34d278]
Event: 33.577 Thread 0x00000178e8295000 nmethod 11341 0x00000178da34d310 code [0x00000178da34d520, 0x00000178da34dfe8]
Event: 33.577 Thread 0x00000178e8295000 11343       4       com.android.ide.common.symbols.SymbolIo::readSymbolListWithPackageLine (225 bytes)
Event: 33.577 Thread 0x00000178eb46d000 nmethod 11342 0x00000178da34e610 code [0x00000178da34e800, 0x00000178da34f128]
Event: 33.577 Thread 0x00000178eb46d000 11344       4       com.android.ide.common.symbols.SymbolIo$ReadConfiguration$3::parseLine (5 bytes)

GC Heap History (20 events):
Event: 7.741 GC heap before
{Heap before GC invocations=10 (full 0):
 garbage-first heap   total 157696K, used 85458K [0x0000000080000000, 0x0000000100000000)
  region size 1024K, 65 young (66560K), 6 survivors (6144K)
 Metaspace       used 39813K, capacity 40775K, committed 41088K, reserved 1085440K
  class space    used 5097K, capacity 5431K, committed 5504K, reserved 1048576K
}
Event: 7.759 GC heap after
{Heap after GC invocations=11 (full 0):
 garbage-first heap   total 157696K, used 28026K [0x0000000080000000, 0x0000000100000000)
  region size 1024K, 9 young (9216K), 9 survivors (9216K)
 Metaspace       used 39813K, capacity 40775K, committed 41088K, reserved 1085440K
  class space    used 5097K, capacity 5431K, committed 5504K, reserved 1048576K
}
Event: 8.915 GC heap before
{Heap before GC invocations=11 (full 0):
 garbage-first heap   total 157696K, used 90490K [0x0000000080000000, 0x0000000100000000)
  region size 1024K, 70 young (71680K), 9 survivors (9216K)
 Metaspace       used 45463K, capacity 46540K, committed 46720K, reserved 1089536K
  class space    used 5846K, capacity 6236K, committed 6272K, reserved 1048576K
}
Event: 8.934 GC heap after
{Heap after GC invocations=12 (full 0):
 garbage-first heap   total 157696K, used 30450K [0x0000000080000000, 0x0000000100000000)
  region size 1024K, 4 young (4096K), 4 survivors (4096K)
 Metaspace       used 45463K, capacity 46540K, committed 46720K, reserved 1089536K
  class space    used 5846K, capacity 6236K, committed 6272K, reserved 1048576K
}
Event: 10.959 GC heap before
{Heap before GC invocations=12 (full 0):
 garbage-first heap   total 157696K, used 106226K [0x0000000080000000, 0x0000000100000000)
  region size 1024K, 74 young (75776K), 4 survivors (4096K)
 Metaspace       used 48953K, capacity 50145K, committed 50304K, reserved 1093632K
  class space    used 6271K, capacity 6727K, committed 6784K, reserved 1048576K
}
Event: 10.977 GC heap after
{Heap after GC invocations=13 (full 0):
 garbage-first heap   total 189440K, used 43008K [0x0000000080000000, 0x0000000100000000)
  region size 1024K, 10 young (10240K), 10 survivors (10240K)
 Metaspace       used 48953K, capacity 50145K, committed 50304K, reserved 1093632K
  class space    used 6271K, capacity 6727K, committed 6784K, reserved 1048576K
}
Event: 13.028 GC heap before
{Heap before GC invocations=13 (full 0):
 garbage-first heap   total 189440K, used 108544K [0x0000000080000000, 0x0000000100000000)
  region size 1024K, 75 young (76800K), 10 survivors (10240K)
 Metaspace       used 58539K, capacity 59859K, committed 59904K, reserved 1101824K
  class space    used 7385K, capacity 7903K, committed 7936K, reserved 1048576K
}
Event: 13.058 GC heap after
{Heap after GC invocations=14 (full 0):
 garbage-first heap   total 189440K, used 46080K [0x0000000080000000, 0x0000000100000000)
  region size 1024K, 3 young (3072K), 3 survivors (3072K)
 Metaspace       used 58539K, capacity 59859K, committed 59904K, reserved 1101824K
  class space    used 7385K, capacity 7903K, committed 7936K, reserved 1048576K
}
Event: 14.944 GC heap before
{Heap before GC invocations=15 (full 0):
 garbage-first heap   total 189440K, used 124928K [0x0000000080000000, 0x0000000100000000)
  region size 1024K, 80 young (81920K), 3 survivors (3072K)
 Metaspace       used 66294K, capacity 67897K, committed 68216K, reserved 1107968K
  class space    used 8395K, capacity 8991K, committed 9080K, reserved 1048576K
}
Event: 14.979 GC heap after
{Heap after GC invocations=16 (full 0):
 garbage-first heap   total 189440K, used 51370K [0x0000000080000000, 0x0000000100000000)
  region size 1024K, 9 young (9216K), 9 survivors (9216K)
 Metaspace       used 66294K, capacity 67897K, committed 68216K, reserved 1107968K
  class space    used 8395K, capacity 8991K, committed 9080K, reserved 1048576K
}
Event: 17.296 GC heap before
{Heap before GC invocations=17 (full 0):
 garbage-first heap   total 189440K, used 131242K [0x0000000080000000, 0x0000000100000000)
  region size 1024K, 87 young (89088K), 9 survivors (9216K)
 Metaspace       used 72250K, capacity 73858K, committed 73976K, reserved 1114112K
  class space    used 9353K, capacity 9947K, committed 9976K, reserved 1048576K
}
Event: 17.321 GC heap after
{Heap after GC invocations=18 (full 0):
 garbage-first heap   total 189440K, used 57150K [0x0000000080000000, 0x0000000100000000)
  region size 1024K, 6 young (6144K), 6 survivors (6144K)
 Metaspace       used 72250K, capacity 73858K, committed 73976K, reserved 1114112K
  class space    used 9353K, capacity 9947K, committed 9976K, reserved 1048576K
}
Event: 19.877 GC heap before
{Heap before GC invocations=18 (full 0):
 garbage-first heap   total 189440K, used 139070K [0x0000000080000000, 0x0000000100000000)
  region size 1024K, 86 young (88064K), 6 survivors (6144K)
 Metaspace       used 80229K, capacity 82005K, committed 82168K, reserved 1120256K
  class space    used 10452K, capacity 11134K, committed 11256K, reserved 1048576K
}
Event: 19.898 GC heap after
{Heap after GC invocations=19 (full 0):
 garbage-first heap   total 227328K, used 62279K [0x0000000080000000, 0x0000000100000000)
  region size 1024K, 11 young (11264K), 11 survivors (11264K)
 Metaspace       used 80229K, capacity 82005K, committed 82168K, reserved 1120256K
  class space    used 10452K, capacity 11134K, committed 11256K, reserved 1048576K
}
Event: 22.764 GC heap before
{Heap before GC invocations=19 (full 0):
 garbage-first heap   total 227328K, used 154439K [0x0000000080000000, 0x0000000100000000)
  region size 1024K, 100 young (102400K), 11 survivors (11264K)
 Metaspace       used 84802K, capacity 86931K, committed 87160K, reserved 1124352K
  class space    used 10983K, capacity 11783K, committed 11896K, reserved 1048576K
}
Event: 22.812 GC heap after
{Heap after GC invocations=20 (full 0):
 garbage-first heap   total 227328K, used 76697K [0x0000000080000000, 0x0000000100000000)
  region size 1024K, 13 young (13312K), 13 survivors (13312K)
 Metaspace       used 84802K, capacity 86931K, committed 87160K, reserved 1124352K
  class space    used 10983K, capacity 11783K, committed 11896K, reserved 1048576K
}
Event: 26.373 GC heap before
{Heap before GC invocations=20 (full 0):
 garbage-first heap   total 227328K, used 179097K [0x0000000080000000, 0x0000000100000000)
  region size 1024K, 99 young (101376K), 13 survivors (13312K)
 Metaspace       used 89624K, capacity 91756K, committed 92024K, reserved 1128448K
  class space    used 11475K, capacity 12266K, committed 12408K, reserved 1048576K
}
Event: 26.415 GC heap after
{Heap after GC invocations=21 (full 0):
 garbage-first heap   total 227328K, used 89883K [0x0000000080000000, 0x0000000100000000)
  region size 1024K, 13 young (13312K), 13 survivors (13312K)
 Metaspace       used 89624K, capacity 91756K, committed 92024K, reserved 1128448K
  class space    used 11475K, capacity 12266K, committed 12408K, reserved 1048576K
}
Event: 27.822 GC heap before
{Heap before GC invocations=21 (full 0):
 garbage-first heap   total 227328K, used 170779K [0x0000000080000000, 0x0000000100000000)
  region size 1024K, 93 young (95232K), 13 survivors (13312K)
 Metaspace       used 92706K, capacity 94802K, committed 94968K, reserved 1132544K
  class space    used 11869K, capacity 12644K, committed 12792K, reserved 1048576K
}
Event: 27.852 GC heap after
{Heap after GC invocations=22 (full 0):
 garbage-first heap   total 227328K, used 95232K [0x0000000080000000, 0x0000000100000000)
  region size 1024K, 5 young (5120K), 5 survivors (5120K)
 Metaspace       used 92706K, capacity 94802K, committed 94968K, reserved 1132544K
  class space    used 11869K, capacity 12644K, committed 12792K, reserved 1048576K
}

Deoptimization events (20 events):
Event: 28.314 Thread 0x00000178eb52d800 DEOPT PACKING pc=0x00000178da2d90f0 sp=0x00000020e8cf8410
Event: 28.314 Thread 0x00000178eb52d800 DEOPT UNPACKING pc=0x00000178d21da1af sp=0x00000020e8cf8368 mode 2
Event: 28.416 Thread 0x00000178eb22b000 DEOPT PACKING pc=0x00000178d392bd1d sp=0x00000020e9bfded0
Event: 28.416 Thread 0x00000178eb22b000 DEOPT UNPACKING pc=0x00000178d21da95e sp=0x00000020e9bfd398 mode 0
Event: 28.436 Thread 0x00000178eb230800 Uncommon trap: trap_request=0xffffff4d fr.pc=0x00000178da16ddb0 relative=0x0000000000000090
Event: 28.436 Thread 0x00000178eb230800 Uncommon trap: reason=unstable_if action=reinterpret pc=0x00000178da16ddb0 method=com.google.common.cache.LongAdder.add(J)V @ 24 c2
Event: 28.437 Thread 0x00000178eb230800 DEOPT PACKING pc=0x00000178da16ddb0 sp=0x00000020ea8fd0d0
Event: 28.437 Thread 0x00000178eb230800 DEOPT UNPACKING pc=0x00000178d21da1af sp=0x00000020ea8fd010 mode 2
Event: 28.491 Thread 0x00000178eb46e800 Uncommon trap: trap_request=0xffffffd6 fr.pc=0x00000178da2d90f0 relative=0x0000000000000c90
Event: 28.491 Thread 0x00000178eb46e800 Uncommon trap: reason=array_check action=maybe_recompile pc=0x00000178da2d90f0 method=com.google.common.collect.RegularImmutableMap.fromEntryArray(I[Ljava/util/Map$Entry;)Lcom/google/common/collect/ImmutableMap; @ 157 c2
Event: 28.491 Thread 0x00000178eb46e800 DEOPT PACKING pc=0x00000178da2d90f0 sp=0x00000020ed1fbdf0
Event: 28.491 Thread 0x00000178eb46e800 DEOPT UNPACKING pc=0x00000178d21da1af sp=0x00000020ed1fbd48 mode 2
Event: 33.304 Thread 0x00000178eb472000 Uncommon trap: trap_request=0xffffff4d fr.pc=0x00000178da1e2480 relative=0x00000000000052e0
Event: 33.304 Thread 0x00000178eb472000 Uncommon trap: reason=unstable_if action=reinterpret pc=0x00000178da1e2480 method=java.lang.String.split(Ljava/lang/String;I)[Ljava/lang/String; @ 256 c2
Event: 33.304 Thread 0x00000178eb472000 DEOPT PACKING pc=0x00000178da1e2480 sp=0x00000020e91fdba0
Event: 33.304 Thread 0x00000178eb472000 DEOPT UNPACKING pc=0x00000178d21da1af sp=0x00000020e91fdbd8 mode 2
Event: 33.450 Thread 0x00000178eb472000 Uncommon trap: trap_request=0xffffff4d fr.pc=0x00000178da33ebdc relative=0x000000000000011c
Event: 33.450 Thread 0x00000178eb472000 Uncommon trap: reason=unstable_if action=reinterpret pc=0x00000178da33ebdc method=com.google.common.collect.MapMakerInternalMap$Segment.getEntry(Ljava/lang/Object;I)Lcom/google/common/collect/MapMakerInternalMap$InternalEntry; @ 24 c2
Event: 33.450 Thread 0x00000178eb472000 DEOPT PACKING pc=0x00000178da33ebdc sp=0x00000020e91fd570
Event: 33.450 Thread 0x00000178eb472000 DEOPT UNPACKING pc=0x00000178d21da1af sp=0x00000020e91fd4f0 mode 2

Classes redefined (0 events):
No events

Internal exceptions (20 events):
Event: 24.134 Thread 0x00000178eb46e000 Exception <a 'java/lang/NoSuchMethodError'{0x000000008b6d2938}: <clinit>> (0x000000008b6d2938) thrown at [./src/hotspot/share/prims/jni.cpp, line 1365]
Event: 24.142 Thread 0x00000178eb46e000 Exception <a 'java/lang/NoSuchMethodError'{0x000000008b5407f8}: <clinit>> (0x000000008b5407f8) thrown at [./src/hotspot/share/prims/jni.cpp, line 1365]
Event: 24.145 Thread 0x00000178eb46e000 Exception <a 'java/lang/NoSuchMethodError'{0x000000008b562e70}: <clinit>> (0x000000008b562e70) thrown at [./src/hotspot/share/prims/jni.cpp, line 1365]
Event: 24.735 Thread 0x00000178eb46e000 Exception <a 'java/lang/NoSuchMethodError'{0x000000008a8a9e58}: 'java.lang.Object java.lang.invoke.DirectMethodHandle$Holder.newInvokeSpecial(java.lang.Object, java.lang.Object, java.lang.Object, java.lang.Object)'> (0x000000008a8a9e58) thrown at [./src/hotspot/share/interpreter/linkResolver.cpp, line 773]
Event: 25.122 Thread 0x00000178e9159800 Implicit null exception at 0x00000178da238e8f to 0x00000178da2395e0
Event: 26.442 Thread 0x00000178eb46e000 Exception <a 'java/lang/NoSuchMethodError'{0x000000008dc37f80}: 'int java.lang.invoke.DirectMethodHandle$Holder.invokeSpecial(java.lang.Object, java.lang.Object, java.lang.Object, java.lang.Object, java.lang.Object)'> (0x000000008dc37f80) thrown at [./src/hotspot/share/interpreter/linkResolver.cpp, line 773]
Event: 26.495 Thread 0x00000178eb46e000 Exception <a 'java/lang/NoSuchMethodError'{0x000000008dbe6380}: <clinit>> (0x000000008dbe6380) thrown at [./src/hotspot/share/prims/jni.cpp, line 1365]
Event: 26.495 Thread 0x00000178eb46e000 Exception <a 'java/lang/NoSuchMethodError'{0x000000008dbe7970}: <clinit>> (0x000000008dbe7970) thrown at [./src/hotspot/share/prims/jni.cpp, line 1365]
Event: 26.495 Thread 0x00000178eb46e000 Exception <a 'java/lang/NoSuchMethodError'{0x000000008dbea570}: <clinit>> (0x000000008dbea570) thrown at [./src/hotspot/share/prims/jni.cpp, line 1365]
Event: 26.498 Thread 0x00000178eb46e000 Exception <a 'java/lang/NoSuchMethodError'{0x000000008d9257a8}: <clinit>> (0x000000008d9257a8) thrown at [./src/hotspot/share/prims/jni.cpp, line 1365]
Event: 26.498 Thread 0x00000178eb46e000 Exception <a 'java/lang/NoSuchMethodError'{0x000000008d9269e0}: <clinit>> (0x000000008d9269e0) thrown at [./src/hotspot/share/prims/jni.cpp, line 1365]
Event: 27.047 Thread 0x00000178eb46e000 Exception <a 'java/lang/NoSuchMethodError'{0x000000008c0b4150}: <clinit>> (0x000000008c0b4150) thrown at [./src/hotspot/share/prims/jni.cpp, line 1365]
Event: 27.054 Thread 0x00000178eb46e000 Exception <a 'java/lang/NoSuchMethodError'{0x000000008c0f1eb0}: <clinit>> (0x000000008c0f1eb0) thrown at [./src/hotspot/share/prims/jni.cpp, line 1365]
Event: 27.057 Thread 0x00000178eb46e000 Exception <a 'java/lang/NoSuchMethodError'{0x000000008bf04b30}: <clinit>> (0x000000008bf04b30) thrown at [./src/hotspot/share/prims/jni.cpp, line 1365]
Event: 28.578 Thread 0x00000178eb472000 Exception <a 'java/lang/NoSuchMethodError'{0x000000008b97a480}: 'void java.lang.invoke.DirectMethodHandle$Holder.invokeStatic(java.lang.Object, long)'> (0x000000008b97a480) thrown at [./src/hotspot/share/interpreter/linkResolver.cpp, line 773]
Event: 28.579 Thread 0x00000178eb472000 Exception <a 'java/lang/NoSuchMethodError'{0x000000008b988490}: 'java.lang.Object java.lang.invoke.DirectMethodHandle$Holder.invokeStatic(java.lang.Object, long)'> (0x000000008b988490) thrown at [./src/hotspot/share/interpreter/linkResolver.cpp, line 773]
Event: 28.581 Thread 0x00000178eb472000 Exception <a 'java/lang/NoSuchMethodError'{0x000000008b996758}: 'java.lang.Object java.lang.invoke.DirectMethodHandle$Holder.invokeStaticInit(java.lang.Object, java.lang.Object, long, java.lang.Object)'> (0x000000008b996758) thrown at [./src/hotspot/share/interpreter/linkResolver.cpp, line 773]
Event: 28.582 Thread 0x00000178eb472000 Exception <a 'java/lang/NoSuchMethodError'{0x000000008b99c8f0}: 'java.lang.Object java.lang.invoke.DirectMethodHandle$Holder.invokeStatic(java.lang.Object, java.lang.Object, long)'> (0x000000008b99c8f0) thrown at [./src/hotspot/share/interpreter/linkResolver.cpp, line 773]
Event: 28.582 Thread 0x00000178eb472000 Exception <a 'java/lang/NoSuchMethodError'{0x000000008b9a2e68}: 'java.lang.Object java.lang.invoke.Invokers$Holder.linkToTargetMethod(java.lang.Object, long, java.lang.Object)'> (0x000000008b9a2e68) thrown at [./src/hotspot/share/interpreter/linkResolver.cpp, line 773]
Event: 28.938 Thread 0x00000178eb472000 Exception <a 'java/lang/NoSuchMethodError'{0x000000008b8dd970}: 'int java.lang.invoke.DirectMethodHandle$Holder.invokeSpecialIFC(java.lang.Object, java.lang.Object, java.lang.Object)'> (0x000000008b8dd970) thrown at [./src/hotspot/share/interpreter/linkResolver.cpp, line 773]

Events (20 events):
Event: 33.258 loading class com/android/builder/internal/aapt/v2/Aapt2DaemonImpl$WaitForTaskCompletion$Result done
Event: 33.281 loading class com/android/ide/common/symbols/SymbolIo$1
Event: 33.281 loading class com/android/ide/common/symbols/SymbolIo$1 done
Event: 33.282 loading class com/android/ide/common/symbols/Symbol$StyleableSymbolImpl
Event: 33.282 loading class com/android/ide/common/symbols/Symbol$StyleableSymbolImpl done
Event: 33.282 Thread 0x00000178eb46d000 Thread added: 0x00000178eb46d000
Event: 33.282 loading class com/android/ide/common/symbols/Symbol$BasicStyleableSymbol
Event: 33.282 loading class com/android/ide/common/symbols/Symbol$BasicStyleableSymbol done
Event: 33.341 loading class com/android/build/gradle/internal/services/SymbolTableBuildService$FileCacheKey
Event: 33.341 loading class com/android/build/gradle/internal/services/SymbolTableBuildService$FileCacheKey done
Event: 33.345 loading class com/google/common/cache/LocalCache$Values
Event: 33.345 loading class com/google/common/cache/LocalCache$Values done
Event: 33.347 loading class com/google/common/cache/LocalCache$ValueIterator
Event: 33.347 loading class com/google/common/cache/LocalCache$ValueIterator done
Event: 33.364 loading class com/android/ide/common/symbols/Symbol$BasicAttributeSymbol
Event: 33.364 loading class com/android/ide/common/symbols/Symbol$BasicAttributeSymbol done
Event: 33.365 Executing VM operation: Deoptimize
Event: 33.366 Executing VM operation: Deoptimize done
Event: 33.425 loading class com/google/common/cache/LocalCache$SoftValueReference
Event: 33.425 loading class com/google/common/cache/LocalCache$SoftValueReference done


Dynamic libraries:
0x00007ff72cf20000 - 0x00007ff72cf2a000 	C:\Program Files\Android\Android Studio\jre\bin\java.exe
0x00007ffe68c80000 - 0x00007ffe68e89000 	C:\Windows\SYSTEM32\ntdll.dll
0x00007ffe66ed0000 - 0x00007ffe66f8d000 	C:\Windows\System32\KERNEL32.DLL
0x00007ffe662d0000 - 0x00007ffe66644000 	C:\Windows\System32\KERNELBASE.dll
0x00007ffe66650000 - 0x00007ffe66761000 	C:\Windows\System32\ucrtbase.dll
0x00007ffe5d5b0000 - 0x00007ffe5d5c7000 	C:\Program Files\Android\Android Studio\jre\bin\VCRUNTIME140.dll
0x00007ffe5d590000 - 0x00007ffe5d5a9000 	C:\Program Files\Android\Android Studio\jre\bin\jli.dll
0x00007ffe67360000 - 0x00007ffe6750c000 	C:\Windows\System32\USER32.dll
0x00007ffe66170000 - 0x00007ffe66196000 	C:\Windows\System32\win32u.dll
0x00007ffe39010000 - 0x00007ffe392b5000 	C:\Windows\WinSxS\amd64_microsoft.windows.common-controls_6595b64144ccf1df_6.0.22000.120_none_9d947278b86cc467\COMCTL32.dll
0x00007ffe67a20000 - 0x00007ffe67a49000 	C:\Windows\System32\GDI32.dll
0x00007ffe66d30000 - 0x00007ffe66dd3000 	C:\Windows\System32\msvcrt.dll
0x00007ffe66810000 - 0x00007ffe66922000 	C:\Windows\System32\gdi32full.dll
0x00007ffe66770000 - 0x00007ffe6680d000 	C:\Windows\System32\msvcp_win.dll
0x00007ffe66cf0000 - 0x00007ffe66d21000 	C:\Windows\System32\IMM32.DLL
0x00007ffe3e2a0000 - 0x00007ffe3e33d000 	C:\Program Files\Android\Android Studio\jre\bin\msvcp140.dll
0x00007ffdfa130000 - 0x00007ffdfac15000 	C:\Program Files\Android\Android Studio\jre\bin\server\jvm.dll
0x00007ffe66c40000 - 0x00007ffe66cee000 	C:\Windows\System32\ADVAPI32.dll
0x00007ffe67150000 - 0x00007ffe671ee000 	C:\Windows\System32\sechost.dll
0x00007ffe66b20000 - 0x00007ffe66c40000 	C:\Windows\System32\RPCRT4.dll
0x00007ffe66de0000 - 0x00007ffe66de8000 	C:\Windows\System32\PSAPI.DLL
0x00007ffe5f740000 - 0x00007ffe5f749000 	C:\Windows\SYSTEM32\WSOCK32.dll
0x00007ffe66e60000 - 0x00007ffe66ecf000 	C:\Windows\System32\WS2_32.dll
0x00007ffe54760000 - 0x00007ffe5476a000 	C:\Windows\SYSTEM32\VERSION.dll
0x00007ffe5d0a0000 - 0x00007ffe5d0d3000 	C:\Windows\SYSTEM32\WINMM.dll
0x00007ffe64c50000 - 0x00007ffe64c68000 	C:\Windows\SYSTEM32\kernel.appcore.dll
0x00007ffe5f720000 - 0x00007ffe5f731000 	C:\Program Files\Android\Android Studio\jre\bin\verify.dll
0x00007ffe5f050000 - 0x00007ffe5f271000 	C:\Windows\SYSTEM32\DBGHELP.DLL
0x00007ffe52b70000 - 0x00007ffe52ba1000 	C:\Windows\SYSTEM32\dbgcore.DLL
0x00007ffe66930000 - 0x00007ffe669af000 	C:\Windows\System32\bcryptPrimitives.dll
0x00007ffe44870000 - 0x00007ffe44899000 	C:\Program Files\Android\Android Studio\jre\bin\java.dll
0x00007ffe5d580000 - 0x00007ffe5d58b000 	C:\Program Files\Android\Android Studio\jre\bin\jimage.dll
0x00007ffe5d290000 - 0x00007ffe5d2a8000 	C:\Program Files\Android\Android Studio\jre\bin\zip.dll
0x00007ffe67fe0000 - 0x00007ffe6878e000 	C:\Windows\System32\SHELL32.dll
0x00007ffe643e0000 - 0x00007ffe64c47000 	C:\Windows\SYSTEM32\windows.storage.dll
0x00007ffe67c60000 - 0x00007ffe67fd8000 	C:\Windows\System32\combase.dll
0x00007ffe64270000 - 0x00007ffe643d6000 	C:\Windows\SYSTEM32\wintypes.dll
0x00007ffe67a50000 - 0x00007ffe67b3a000 	C:\Windows\System32\SHCORE.dll
0x00007ffe68a10000 - 0x00007ffe68a6d000 	C:\Windows\System32\shlwapi.dll
0x00007ffe660a0000 - 0x00007ffe660c1000 	C:\Windows\SYSTEM32\profapi.dll
0x00007ffe52a10000 - 0x00007ffe52a2a000 	C:\Program Files\Android\Android Studio\jre\bin\net.dll
0x00007ffe5aa40000 - 0x00007ffe5ab4c000 	C:\Windows\SYSTEM32\WINHTTP.dll
0x00007ffe65740000 - 0x00007ffe657a7000 	C:\Windows\system32\mswsock.dll
0x00007ffe44850000 - 0x00007ffe44864000 	C:\Program Files\Android\Android Studio\jre\bin\nio.dll
0x00007ffe3dd50000 - 0x00007ffe3dd77000 	C:\Users\Admin\.gradle\native\e1d6ef7f7dcc3fd88c89a11ec53ec762bb8ba0a96d01ffa2cd45eb1d1d8dd5c5\windows-amd64\native-platform.dll
0x00007ffe05ef0000 - 0x00007ffe06034000 	C:\Users\Admin\.gradle\native\5664cfc778a61ccfe75a443a1ab52a65af34e5dc3c78e0209fed803814484fcb\windows-amd64\native-platform-file-events.dll
0x00007ffe5d260000 - 0x00007ffe5d26a000 	C:\Program Files\Android\Android Studio\jre\bin\management.dll
0x00007ffe44840000 - 0x00007ffe4484d000 	C:\Program Files\Android\Android Studio\jre\bin\management_ext.dll
0x00007ffe659d0000 - 0x00007ffe659e8000 	C:\Windows\SYSTEM32\CRYPTSP.dll
0x00007ffe652f0000 - 0x00007ffe65325000 	C:\Windows\system32\rsaenh.dll
0x00007ffe65880000 - 0x00007ffe658a9000 	C:\Windows\SYSTEM32\USERENV.dll
0x00007ffe65b50000 - 0x00007ffe65b77000 	C:\Windows\SYSTEM32\bcrypt.dll
0x00007ffe659f0000 - 0x00007ffe659fc000 	C:\Windows\SYSTEM32\CRYPTBASE.dll
0x00007ffe64ec0000 - 0x00007ffe64eed000 	C:\Windows\SYSTEM32\IPHLPAPI.DLL
0x00007ffe67a10000 - 0x00007ffe67a19000 	C:\Windows\System32\NSI.dll
0x00007ffe59db0000 - 0x00007ffe59dc9000 	C:\Windows\SYSTEM32\dhcpcsvc6.DLL
0x00007ffe5b310000 - 0x00007ffe5b32e000 	C:\Windows\SYSTEM32\dhcpcsvc.DLL
0x00007ffe64ef0000 - 0x00007ffe64fd7000 	C:\Windows\SYSTEM32\DNSAPI.dll
0x00007ffe63a50000 - 0x00007ffe63a84000 	C:\Windows\SYSTEM32\ntmarta.dll

dbghelp: loaded successfully - version: 4.0.5 - missing functions: none
symbol engine: initialized successfully - sym options: 0x614 - pdb path: .;C:\Program Files\Android\Android Studio\jre\bin;C:\Windows\SYSTEM32;C:\Windows\WinSxS\amd64_microsoft.windows.common-controls_6595b64144ccf1df_6.0.22000.120_none_9d947278b86cc467;C:\Program Files\Android\Android Studio\jre\bin\server;C:\Users\Admin\.gradle\native\e1d6ef7f7dcc3fd88c89a11ec53ec762bb8ba0a96d01ffa2cd45eb1d1d8dd5c5\windows-amd64;C:\Users\Admin\.gradle\native\5664cfc778a61ccfe75a443a1ab52a65af34e5dc3c78e0209fed803814484fcb\windows-amd64

VM Arguments:
jvm_args: --add-opens=java.base/java.util=ALL-UNNAMED --add-opens=java.base/java.lang=ALL-UNNAMED --add-opens=java.base/java.lang.invoke=ALL-UNNAMED --add-opens=java.base/java.util=ALL-UNNAMED --add-opens=java.prefs/java.util.prefs=ALL-UNNAMED --add-opens=java.prefs/java.util.prefs=ALL-UNNAMED --add-opens=java.base/java.nio.charset=ALL-UNNAMED --add-opens=java.base/java.net=ALL-UNNAMED --add-opens=java.base/java.util.concurrent.atomic=ALL-UNNAMED -Xmx2048m -Dfile.encoding=UTF-8 -Duser.country=US -Duser.language=en -Duser.variant 
java_command: org.gradle.launcher.daemon.bootstrap.GradleDaemon 7.3.3
java_class_path (initial): C:\Users\Admin\.gradle\wrapper\dists\gradle-7.3.3-bin\6a41zxkdtcxs8rphpq6y0069z\gradle-7.3.3\lib\gradle-launcher-7.3.3.jar
Launcher Type: SUN_STANDARD

[Global flags]
     intx CICompilerCount                          = 3                                         {product} {ergonomic}
     uint ConcGCThreads                            = 1                                         {product} {ergonomic}
     uint G1ConcRefinementThreads                  = 4                                         {product} {ergonomic}
   size_t G1HeapRegionSize                         = 1048576                                   {product} {ergonomic}
    uintx GCDrainStackTargetSize                   = 64                                        {product} {ergonomic}
   size_t InitialHeapSize                          = 134217728                                 {product} {ergonomic}
   size_t MarkStackSize                            = 4194304                                   {product} {ergonomic}
   size_t MaxHeapSize                              = 2147483648                                {product} {command line}
   size_t MaxNewSize                               = 1287651328                                {product} {ergonomic}
   size_t MinHeapDeltaBytes                        = 1048576                                   {product} {ergonomic}
    uintx NonNMethodCodeHeapSize                   = 5830732                                {pd product} {ergonomic}
    uintx NonProfiledCodeHeapSize                  = 122913754                              {pd product} {ergonomic}
    uintx ProfiledCodeHeapSize                     = 122913754                              {pd product} {ergonomic}
    uintx ReservedCodeCacheSize                    = 251658240                              {pd product} {ergonomic}
     bool SegmentedCodeCache                       = true                                      {product} {ergonomic}
     bool UseCompressedClassPointers               = true                                 {lp64_product} {ergonomic}
     bool UseCompressedOops                        = true                                 {lp64_product} {ergonomic}
     bool UseG1GC                                  = true                                      {product} {ergonomic}
     bool UseLargePagesIndividualAllocation        = false                                  {pd product} {ergonomic}

Logging:
Log output configuration:
 #0: stdout all=warning uptime,level,tags
 #1: stderr all=off uptime,level,tags

Environment Variables:
PATH=C:\Program Files\Common Files\Oracle\Java\javapath;C:\Program Files (x86)\Common Files\Oracle\Java\javapath;C:\Windows\system32;C:\Windows;C:\Windows\System32\Wbem;C:\Windows\System32\WindowsPowerShell\v1.0\;C:\Windows\System32\OpenSSH\;C:\Program Files (x86)\Intel\Intel(R) Management Engine Components\DAL;C:\Program Files\Intel\Intel(R) Management Engine Components\DAL;C:\Program Files\Git\cmd;C:\Users\Admin\AppData\Local\Microsoft\WindowsApps;C:\Users\Admin\AppData\Local\Programs\Microsoft VS Code\bin;C:\Users\Admin\AppData\Local\atom\bin;C:\Users\Admin\AppData\Local\GitHubDesktop\bin
USERNAME=Admin
OS=Windows_NT
PROCESSOR_IDENTIFIER=Intel64 Family 6 Model 78 Stepping 3, GenuineIntel



---------------  S Y S T E M  ---------------

OS: Windows 10 , 64 bit Build 22000 (10.0.22000.434)
OS uptime: 0 days 4:41 hours

CPU:total 4 (initial active 4) (2 cores per cpu, 2 threads per core) family 6 model 78 stepping 3 microcode 0xd6, cmov, cx8, fxsr, mmx, sse, sse2, sse3, ssse3, sse4.1, sse4.2, popcnt, avx, avx2, aes, clmul, erms, rtm, 3dnowpref, lzcnt, ht, tsc, tscinvbit, bmi1, bmi2, adx, fma

Memory: 4k page, system-wide physical 8072M (1383M free)
TotalPageFile size 8072M (AvailPageFile size 2M)
current process WorkingSet (physical memory assigned to process): 473M, peak: 501M
current process commit charge ("private bytes"): 503M, peak: 532M

vm_info: OpenJDK 64-Bit Server VM (11.0.12+7-b1504.28-7817840) for windows-amd64 JRE (11.0.12+7-b1504.28-7817840), built on Oct 13 2021 22:12:33 by "builder" with MS VC++ 14.0 (VS2015)

END.
